TRACE::2023-05-03.20:22:16::SCWPlatform::Trying to open the hw design at C:/Users/andy1/fpgaProjects/UART_to_PC/software/UART_to_PC_with_MicroBlaze/hw/microblaze_n_uartlite.xsa
TRACE::2023-05-03.20:22:16::SCWPlatform::DSA given C:/Users/andy1/fpgaProjects/UART_to_PC/software/UART_to_PC_with_MicroBlaze/hw/microblaze_n_uartlite.xsa
TRACE::2023-05-03.20:22:16::SCWPlatform::DSA absoulate path C:/Users/andy1/fpgaProjects/UART_to_PC/software/UART_to_PC_with_MicroBlaze/hw/microblaze_n_uartlite.xsa
TRACE::2023-05-03.20:22:16::SCWPlatform::DSA directory C:/Users/andy1/fpgaProjects/UART_to_PC/software/UART_to_PC_with_MicroBlaze/hw
TRACE::2023-05-03.20:22:16::SCWPlatform:: Platform Path C:/Users/andy1/fpgaProjects/UART_to_PC/software/UART_to_PC_with_MicroBlaze/hw/microblaze_n_uartlite.xsa
TRACE::2023-05-03.20:22:16::SCWPlatform:: Unique name xilinx:arty-s7-50::0.0
TRACE::2023-05-03.20:22:16::SCWPlatform::Do not have an existing db opened. 
TRACE::2023-05-03.20:22:17::SCWPlatform::Opened new HwDB with name design_1_wrapper_0
TRACE::2023-05-03.20:22:17::SCWWriter::formatted JSON is {
	"platformName":	"UART_to_PC_with_MicroBlaze",
	"sprVersion":	"2.0",
	"mode":	"gui",
	"dsaType":	"Fixed",
	"platformDesc":	"UART_to_PC_with_MicroBlaze",
	"platHandOff":	"C:/Users/andy1/fpgaProjects/UART_to_PC/microblaze_n_uartlite.xsa",
	"platIntHandOff":	"<platformDir>/hw/microblaze_n_uartlite.xsa",
	"deviceType":	"FPGA",
	"platIsPrebuiltAutogen":	"false",
	"platIsNoBootBsp":	"false",
	"hasFsblMakeHasChanges":	"false",
	"hasPmufwMakeHasChanges":	"false",
	"platPreBuiltFlag":	false,
	"platformSamplesDir":	""
}
TRACE::2023-05-03.20:22:17::SCWWriter::formatted JSON is {
	"platformName":	"UART_to_PC_with_MicroBlaze",
	"sprVersion":	"2.0",
	"mode":	"gui",
	"dsaType":	"Fixed",
	"platformDesc":	"UART_to_PC_with_MicroBlaze",
	"platHandOff":	"C:/Users/andy1/fpgaProjects/UART_to_PC/microblaze_n_uartlite.xsa",
	"platIntHandOff":	"<platformDir>/hw/microblaze_n_uartlite.xsa",
	"deviceType":	"FPGA",
	"platIsPrebuiltAutogen":	"false",
	"platIsNoBootBsp":	"false",
	"hasFsblMakeHasChanges":	"false",
	"hasPmufwMakeHasChanges":	"false",
	"platPreBuiltFlag":	false,
	"platformSamplesDir":	"",
	"platActiveSys":	"UART_to_PC_with_MicroBlaze",
	"systems":	[{
			"systemName":	"UART_to_PC_with_MicroBlaze",
			"systemDesc":	"UART_to_PC_with_MicroBlaze",
			"sysIsBootAutoGen":	"true",
			"systemDispName":	"UART_to_PC_with_MicroBlaze"
		}]
}
TRACE::2023-05-03.20:22:17::SCWPlatform::Boot application domains not present, creating them
TRACE::2023-05-03.20:22:17::SCWPlatform::Pure FPGA device, no boot application will be created.
TRACE::2023-05-03.20:22:17::SCWWriter::formatted JSON is {
	"platformName":	"UART_to_PC_with_MicroBlaze",
	"sprVersion":	"2.0",
	"mode":	"gui",
	"dsaType":	"Fixed",
	"platformDesc":	"UART_to_PC_with_MicroBlaze",
	"platHandOff":	"C:/Users/andy1/fpgaProjects/UART_to_PC/microblaze_n_uartlite.xsa",
	"platIntHandOff":	"<platformDir>/hw/microblaze_n_uartlite.xsa",
	"deviceType":	"FPGA",
	"platIsPrebuiltAutogen":	"false",
	"platIsNoBootBsp":	"false",
	"hasFsblMakeHasChanges":	"false",
	"hasPmufwMakeHasChanges":	"false",
	"platPreBuiltFlag":	false,
	"platformSamplesDir":	"",
	"platActiveSys":	"UART_to_PC_with_MicroBlaze",
	"systems":	[{
			"systemName":	"UART_to_PC_with_MicroBlaze",
			"systemDesc":	"UART_to_PC_with_MicroBlaze",
			"sysIsBootAutoGen":	"true",
			"systemDispName":	"UART_to_PC_with_MicroBlaze"
		}]
}
TRACE::2023-05-03.20:22:17::SCWPlatform::Trying to open the hw design at C:/Users/andy1/fpgaProjects/UART_to_PC/software/UART_to_PC_with_MicroBlaze/hw/microblaze_n_uartlite.xsa
TRACE::2023-05-03.20:22:17::SCWPlatform::DSA given C:/Users/andy1/fpgaProjects/UART_to_PC/software/UART_to_PC_with_MicroBlaze/hw/microblaze_n_uartlite.xsa
TRACE::2023-05-03.20:22:17::SCWPlatform::DSA absoulate path C:/Users/andy1/fpgaProjects/UART_to_PC/software/UART_to_PC_with_MicroBlaze/hw/microblaze_n_uartlite.xsa
TRACE::2023-05-03.20:22:17::SCWPlatform::DSA directory C:/Users/andy1/fpgaProjects/UART_to_PC/software/UART_to_PC_with_MicroBlaze/hw
TRACE::2023-05-03.20:22:17::SCWPlatform:: Platform Path C:/Users/andy1/fpgaProjects/UART_to_PC/software/UART_to_PC_with_MicroBlaze/hw/microblaze_n_uartlite.xsa
TRACE::2023-05-03.20:22:17::SCWPlatform:: Unique name xilinx:arty-s7-50::0.0
TRACE::2023-05-03.20:22:17::SCWPlatform::Trying to set the existing hwdb with name design_1_wrapper_0
TRACE::2023-05-03.20:22:17::SCWPlatform::Opened existing hwdb design_1_wrapper_0
TRACE::2023-05-03.20:22:17::SCWPlatform::Found the Hw Db part of the input DSA
TRACE::2023-05-03.20:22:17::SCWPlatform::Trying to open the hw design at C:/Users/andy1/fpgaProjects/UART_to_PC/software/UART_to_PC_with_MicroBlaze/hw/microblaze_n_uartlite.xsa
TRACE::2023-05-03.20:22:17::SCWPlatform::DSA given C:/Users/andy1/fpgaProjects/UART_to_PC/software/UART_to_PC_with_MicroBlaze/hw/microblaze_n_uartlite.xsa
TRACE::2023-05-03.20:22:17::SCWPlatform::DSA absoulate path C:/Users/andy1/fpgaProjects/UART_to_PC/software/UART_to_PC_with_MicroBlaze/hw/microblaze_n_uartlite.xsa
TRACE::2023-05-03.20:22:17::SCWPlatform::DSA directory C:/Users/andy1/fpgaProjects/UART_to_PC/software/UART_to_PC_with_MicroBlaze/hw
TRACE::2023-05-03.20:22:17::SCWPlatform:: Platform Path C:/Users/andy1/fpgaProjects/UART_to_PC/software/UART_to_PC_with_MicroBlaze/hw/microblaze_n_uartlite.xsa
TRACE::2023-05-03.20:22:17::SCWPlatform:: Unique name xilinx:arty-s7-50::0.0
TRACE::2023-05-03.20:22:17::SCWPlatform::Trying to set the existing hwdb with name design_1_wrapper_0
TRACE::2023-05-03.20:22:17::SCWPlatform::Opened existing hwdb design_1_wrapper_0
TRACE::2023-05-03.20:22:17::SCWPlatform::Found the Hw Db part of the input DSA
TRACE::2023-05-03.20:22:17::SCWPlatform::Trying to open the hw design at C:/Users/andy1/fpgaProjects/UART_to_PC/software/UART_to_PC_with_MicroBlaze/hw/microblaze_n_uartlite.xsa
TRACE::2023-05-03.20:22:17::SCWPlatform::DSA given C:/Users/andy1/fpgaProjects/UART_to_PC/software/UART_to_PC_with_MicroBlaze/hw/microblaze_n_uartlite.xsa
TRACE::2023-05-03.20:22:17::SCWPlatform::DSA absoulate path C:/Users/andy1/fpgaProjects/UART_to_PC/software/UART_to_PC_with_MicroBlaze/hw/microblaze_n_uartlite.xsa
TRACE::2023-05-03.20:22:17::SCWPlatform::DSA directory C:/Users/andy1/fpgaProjects/UART_to_PC/software/UART_to_PC_with_MicroBlaze/hw
TRACE::2023-05-03.20:22:17::SCWPlatform:: Platform Path C:/Users/andy1/fpgaProjects/UART_to_PC/software/UART_to_PC_with_MicroBlaze/hw/microblaze_n_uartlite.xsa
TRACE::2023-05-03.20:22:17::SCWPlatform:: Unique name xilinx:arty-s7-50::0.0
TRACE::2023-05-03.20:22:17::SCWPlatform::Trying to set the existing hwdb with name design_1_wrapper_0
TRACE::2023-05-03.20:22:17::SCWPlatform::Opened existing hwdb design_1_wrapper_0
TRACE::2023-05-03.20:22:17::SCWPlatform::Found the Hw Db part of the input DSA
TRACE::2023-05-03.20:22:17::SCWDomain::checking for install qemu data   : 
TRACE::2023-05-03.20:22:17::SCWPlatform::Trying to open the hw design at C:/Users/andy1/fpgaProjects/UART_to_PC/software/UART_to_PC_with_MicroBlaze/hw/microblaze_n_uartlite.xsa
TRACE::2023-05-03.20:22:17::SCWPlatform::DSA given C:/Users/andy1/fpgaProjects/UART_to_PC/software/UART_to_PC_with_MicroBlaze/hw/microblaze_n_uartlite.xsa
TRACE::2023-05-03.20:22:17::SCWPlatform::DSA absoulate path C:/Users/andy1/fpgaProjects/UART_to_PC/software/UART_to_PC_with_MicroBlaze/hw/microblaze_n_uartlite.xsa
TRACE::2023-05-03.20:22:17::SCWPlatform::DSA directory C:/Users/andy1/fpgaProjects/UART_to_PC/software/UART_to_PC_with_MicroBlaze/hw
TRACE::2023-05-03.20:22:17::SCWPlatform:: Platform Path C:/Users/andy1/fpgaProjects/UART_to_PC/software/UART_to_PC_with_MicroBlaze/hw/microblaze_n_uartlite.xsa
TRACE::2023-05-03.20:22:17::SCWPlatform:: Unique name xilinx:arty-s7-50::0.0
TRACE::2023-05-03.20:22:17::SCWPlatform::Trying to set the existing hwdb with name design_1_wrapper_0
TRACE::2023-05-03.20:22:17::SCWPlatform::Opened existing hwdb design_1_wrapper_0
TRACE::2023-05-03.20:22:17::SCWPlatform::Found the Hw Db part of the input DSA
TRACE::2023-05-03.20:22:17::SCWPlatform::Trying to open the hw design at C:/Users/andy1/fpgaProjects/UART_to_PC/software/UART_to_PC_with_MicroBlaze/hw/microblaze_n_uartlite.xsa
TRACE::2023-05-03.20:22:17::SCWPlatform::DSA given C:/Users/andy1/fpgaProjects/UART_to_PC/software/UART_to_PC_with_MicroBlaze/hw/microblaze_n_uartlite.xsa
TRACE::2023-05-03.20:22:17::SCWPlatform::DSA absoulate path C:/Users/andy1/fpgaProjects/UART_to_PC/software/UART_to_PC_with_MicroBlaze/hw/microblaze_n_uartlite.xsa
TRACE::2023-05-03.20:22:17::SCWPlatform::DSA directory C:/Users/andy1/fpgaProjects/UART_to_PC/software/UART_to_PC_with_MicroBlaze/hw
TRACE::2023-05-03.20:22:17::SCWPlatform:: Platform Path C:/Users/andy1/fpgaProjects/UART_to_PC/software/UART_to_PC_with_MicroBlaze/hw/microblaze_n_uartlite.xsa
TRACE::2023-05-03.20:22:17::SCWPlatform:: Unique name xilinx:arty-s7-50::0.0
TRACE::2023-05-03.20:22:17::SCWPlatform::Trying to set the existing hwdb with name design_1_wrapper_0
TRACE::2023-05-03.20:22:17::SCWPlatform::Opened existing hwdb design_1_wrapper_0
TRACE::2023-05-03.20:22:17::SCWPlatform::Found the Hw Db part of the input DSA
TRACE::2023-05-03.20:22:17::SCWPlatform::Trying to open the hw design at C:/Users/andy1/fpgaProjects/UART_to_PC/software/UART_to_PC_with_MicroBlaze/hw/microblaze_n_uartlite.xsa
TRACE::2023-05-03.20:22:17::SCWPlatform::DSA given C:/Users/andy1/fpgaProjects/UART_to_PC/software/UART_to_PC_with_MicroBlaze/hw/microblaze_n_uartlite.xsa
TRACE::2023-05-03.20:22:17::SCWPlatform::DSA absoulate path C:/Users/andy1/fpgaProjects/UART_to_PC/software/UART_to_PC_with_MicroBlaze/hw/microblaze_n_uartlite.xsa
TRACE::2023-05-03.20:22:17::SCWPlatform::DSA directory C:/Users/andy1/fpgaProjects/UART_to_PC/software/UART_to_PC_with_MicroBlaze/hw
TRACE::2023-05-03.20:22:17::SCWPlatform:: Platform Path C:/Users/andy1/fpgaProjects/UART_to_PC/software/UART_to_PC_with_MicroBlaze/hw/microblaze_n_uartlite.xsa
TRACE::2023-05-03.20:22:17::SCWPlatform:: Unique name xilinx:arty-s7-50::0.0
TRACE::2023-05-03.20:22:17::SCWPlatform::Trying to set the existing hwdb with name design_1_wrapper_0
TRACE::2023-05-03.20:22:17::SCWPlatform::Opened existing hwdb design_1_wrapper_0
TRACE::2023-05-03.20:22:17::SCWPlatform::Found the Hw Db part of the input DSA
TRACE::2023-05-03.20:22:17::SCWMssOS::Checking the sw design at  C:/Users/andy1/fpgaProjects/UART_to_PC/software/UART_to_PC_with_MicroBlaze/microblaze_0/standalone_domain/bsp/system.mss
TRACE::2023-05-03.20:22:17::SCWMssOS::DEBUG:  swdes dump  
TRACE::2023-05-03.20:22:17::SCWMssOS::No sw design opened at  C:/Users/andy1/fpgaProjects/UART_to_PC/software/UART_to_PC_with_MicroBlaze/microblaze_0/standalone_domain/bsp/system.mss
TRACE::2023-05-03.20:22:17::SCWMssOS::mss does not exists at C:/Users/andy1/fpgaProjects/UART_to_PC/software/UART_to_PC_with_MicroBlaze/microblaze_0/standalone_domain/bsp/system.mss
TRACE::2023-05-03.20:22:17::SCWMssOS::Creating sw design at  C:/Users/andy1/fpgaProjects/UART_to_PC/software/UART_to_PC_with_MicroBlaze/microblaze_0/standalone_domain/bsp/system.mss
TRACE::2023-05-03.20:22:17::SCWMssOS::Adding the swdes entry, created swdb C:/Users/andy1/fpgaProjects/UART_to_PC/software/UART_to_PC_with_MicroBlaze/microblaze_0/standalone_domain/bsp/system.mss with des name C:/Users/andy1/fpgaProjects/UART_to_PC/software/UART_to_PC_with_MicroBlaze/microblaze_0/standalone_domain/bsp/system.mss
TRACE::2023-05-03.20:22:17::SCWMssOS::updating the scw layer changes to swdes at   C:/Users/andy1/fpgaProjects/UART_to_PC/software/UART_to_PC_with_MicroBlaze/microblaze_0/standalone_domain/bsp/system.mss
TRACE::2023-05-03.20:22:17::SCWMssOS::Writing mss at C:/Users/andy1/fpgaProjects/UART_to_PC/software/UART_to_PC_with_MicroBlaze/microblaze_0/standalone_domain/bsp/system.mss
TRACE::2023-05-03.20:22:17::SCWMssOS::Completed writing the mss file at C:/Users/andy1/fpgaProjects/UART_to_PC/software/UART_to_PC_with_MicroBlaze/microblaze_0/standalone_domain/bsp
TRACE::2023-05-03.20:22:17::SCWMssOS::Picking up changes from newly written mss file into SCW Layer. 
TRACE::2023-05-03.20:22:17::SCWMssOS::Updated the changes from newly written mss file into SCW Layer. 
TRACE::2023-05-03.20:22:17::SCWMssOS::Completed writing the mss file at C:/Users/andy1/fpgaProjects/UART_to_PC/software/UART_to_PC_with_MicroBlaze/microblaze_0/standalone_domain/bsp
TRACE::2023-05-03.20:22:17::SCWMssOS::Forcing BSP Sources regeneration.
TRACE::2023-05-03.20:22:18::SCWMssOS::Saving the mss changes C:/Users/andy1/fpgaProjects/UART_to_PC/software/UART_to_PC_with_MicroBlaze/microblaze_0/standalone_domain/bsp/system.mss
TRACE::2023-05-03.20:22:18::SCWMssOS::Adding the swdes entry, mss present, able to open swdb C:/Users/andy1/fpgaProjects/UART_to_PC/software/UART_to_PC_with_MicroBlaze/microblaze_0/standalone_domain/bsp/system.mss with des name system
TRACE::2023-05-03.20:22:18::SCWMssOS::Writing the mss file completed C:/Users/andy1/fpgaProjects/UART_to_PC/software/UART_to_PC_with_MicroBlaze/microblaze_0/standalone_domain/bsp/system.mss
TRACE::2023-05-03.20:22:18::SCWMssOS::Commit changes completed.
TRACE::2023-05-03.20:22:18::SCWPlatform::Trying to open the hw design at C:/Users/andy1/fpgaProjects/UART_to_PC/software/UART_to_PC_with_MicroBlaze/hw/microblaze_n_uartlite.xsa
TRACE::2023-05-03.20:22:18::SCWPlatform::DSA given C:/Users/andy1/fpgaProjects/UART_to_PC/software/UART_to_PC_with_MicroBlaze/hw/microblaze_n_uartlite.xsa
TRACE::2023-05-03.20:22:18::SCWPlatform::DSA absoulate path C:/Users/andy1/fpgaProjects/UART_to_PC/software/UART_to_PC_with_MicroBlaze/hw/microblaze_n_uartlite.xsa
TRACE::2023-05-03.20:22:18::SCWPlatform::DSA directory C:/Users/andy1/fpgaProjects/UART_to_PC/software/UART_to_PC_with_MicroBlaze/hw
TRACE::2023-05-03.20:22:18::SCWPlatform:: Platform Path C:/Users/andy1/fpgaProjects/UART_to_PC/software/UART_to_PC_with_MicroBlaze/hw/microblaze_n_uartlite.xsa
TRACE::2023-05-03.20:22:18::SCWPlatform:: Unique name xilinx:arty-s7-50::0.0
TRACE::2023-05-03.20:22:18::SCWPlatform::Trying to set the existing hwdb with name design_1_wrapper_0
TRACE::2023-05-03.20:22:18::SCWPlatform::Opened existing hwdb design_1_wrapper_0
TRACE::2023-05-03.20:22:18::SCWPlatform::Found the Hw Db part of the input DSA
TRACE::2023-05-03.20:22:18::SCWMssOS::Checking the sw design at  C:/Users/andy1/fpgaProjects/UART_to_PC/software/UART_to_PC_with_MicroBlaze/microblaze_0/standalone_domain/bsp/system.mss
TRACE::2023-05-03.20:22:18::SCWMssOS::DEBUG:  swdes dump  C:/Users/andy1/fpgaProjects/UART_to_PC/software/UART_to_PC_with_MicroBlaze/microblaze_0/standalone_domain/bsp/system.mss|system||

TRACE::2023-05-03.20:22:18::SCWMssOS::Sw design exists and opened at  C:/Users/andy1/fpgaProjects/UART_to_PC/software/UART_to_PC_with_MicroBlaze/microblaze_0/standalone_domain/bsp/system.mss
TRACE::2023-05-03.20:22:18::SCWPlatform::Trying to open the hw design at C:/Users/andy1/fpgaProjects/UART_to_PC/software/UART_to_PC_with_MicroBlaze/hw/microblaze_n_uartlite.xsa
TRACE::2023-05-03.20:22:18::SCWPlatform::DSA given C:/Users/andy1/fpgaProjects/UART_to_PC/software/UART_to_PC_with_MicroBlaze/hw/microblaze_n_uartlite.xsa
TRACE::2023-05-03.20:22:18::SCWPlatform::DSA absoulate path C:/Users/andy1/fpgaProjects/UART_to_PC/software/UART_to_PC_with_MicroBlaze/hw/microblaze_n_uartlite.xsa
TRACE::2023-05-03.20:22:18::SCWPlatform::DSA directory C:/Users/andy1/fpgaProjects/UART_to_PC/software/UART_to_PC_with_MicroBlaze/hw
TRACE::2023-05-03.20:22:18::SCWPlatform:: Platform Path C:/Users/andy1/fpgaProjects/UART_to_PC/software/UART_to_PC_with_MicroBlaze/hw/microblaze_n_uartlite.xsa
TRACE::2023-05-03.20:22:18::SCWPlatform:: Unique name xilinx:arty-s7-50::0.0
TRACE::2023-05-03.20:22:18::SCWPlatform::Trying to set the existing hwdb with name design_1_wrapper_0
TRACE::2023-05-03.20:22:18::SCWPlatform::Opened existing hwdb design_1_wrapper_0
TRACE::2023-05-03.20:22:18::SCWPlatform::Found the Hw Db part of the input DSA
TRACE::2023-05-03.20:22:18::SCWMssOS::Checking the sw design at  C:/Users/andy1/fpgaProjects/UART_to_PC/software/UART_to_PC_with_MicroBlaze/microblaze_0/standalone_domain/bsp/system.mss
TRACE::2023-05-03.20:22:18::SCWMssOS::DEBUG:  swdes dump  C:/Users/andy1/fpgaProjects/UART_to_PC/software/UART_to_PC_with_MicroBlaze/microblaze_0/standalone_domain/bsp/system.mss|system||

TRACE::2023-05-03.20:22:18::SCWMssOS::Sw design exists and opened at  C:/Users/andy1/fpgaProjects/UART_to_PC/software/UART_to_PC_with_MicroBlaze/microblaze_0/standalone_domain/bsp/system.mss
TRACE::2023-05-03.20:22:18::SCWPlatform::Trying to open the hw design at C:/Users/andy1/fpgaProjects/UART_to_PC/software/UART_to_PC_with_MicroBlaze/hw/microblaze_n_uartlite.xsa
TRACE::2023-05-03.20:22:18::SCWPlatform::DSA given C:/Users/andy1/fpgaProjects/UART_to_PC/software/UART_to_PC_with_MicroBlaze/hw/microblaze_n_uartlite.xsa
TRACE::2023-05-03.20:22:18::SCWPlatform::DSA absoulate path C:/Users/andy1/fpgaProjects/UART_to_PC/software/UART_to_PC_with_MicroBlaze/hw/microblaze_n_uartlite.xsa
TRACE::2023-05-03.20:22:18::SCWPlatform::DSA directory C:/Users/andy1/fpgaProjects/UART_to_PC/software/UART_to_PC_with_MicroBlaze/hw
TRACE::2023-05-03.20:22:18::SCWPlatform:: Platform Path C:/Users/andy1/fpgaProjects/UART_to_PC/software/UART_to_PC_with_MicroBlaze/hw/microblaze_n_uartlite.xsa
TRACE::2023-05-03.20:22:18::SCWPlatform:: Unique name xilinx:arty-s7-50::0.0
TRACE::2023-05-03.20:22:18::SCWPlatform::Trying to set the existing hwdb with name design_1_wrapper_0
TRACE::2023-05-03.20:22:18::SCWPlatform::Opened existing hwdb design_1_wrapper_0
TRACE::2023-05-03.20:22:18::SCWPlatform::Found the Hw Db part of the input DSA
TRACE::2023-05-03.20:22:18::SCWMssOS::Checking the sw design at  C:/Users/andy1/fpgaProjects/UART_to_PC/software/UART_to_PC_with_MicroBlaze/microblaze_0/standalone_domain/bsp/system.mss
TRACE::2023-05-03.20:22:18::SCWMssOS::DEBUG:  swdes dump  C:/Users/andy1/fpgaProjects/UART_to_PC/software/UART_to_PC_with_MicroBlaze/microblaze_0/standalone_domain/bsp/system.mss|system||

TRACE::2023-05-03.20:22:18::SCWMssOS::Sw design exists and opened at  C:/Users/andy1/fpgaProjects/UART_to_PC/software/UART_to_PC_with_MicroBlaze/microblaze_0/standalone_domain/bsp/system.mss
TRACE::2023-05-03.20:22:18::SCWWriter::formatted JSON is {
	"platformName":	"UART_to_PC_with_MicroBlaze",
	"sprVersion":	"2.0",
	"mode":	"gui",
	"dsaType":	"Fixed",
	"platformDesc":	"UART_to_PC_with_MicroBlaze",
	"platHandOff":	"C:/Users/andy1/fpgaProjects/UART_to_PC/microblaze_n_uartlite.xsa",
	"platIntHandOff":	"<platformDir>/hw/microblaze_n_uartlite.xsa",
	"deviceType":	"FPGA",
	"platIsPrebuiltAutogen":	"false",
	"platIsNoBootBsp":	"false",
	"hasFsblMakeHasChanges":	"false",
	"hasPmufwMakeHasChanges":	"false",
	"platPreBuiltFlag":	false,
	"platformSamplesDir":	"",
	"platActiveSys":	"UART_to_PC_with_MicroBlaze",
	"systems":	[{
			"systemName":	"UART_to_PC_with_MicroBlaze",
			"systemDesc":	"UART_to_PC_with_MicroBlaze",
			"sysIsBootAutoGen":	"true",
			"systemDispName":	"UART_to_PC_with_MicroBlaze",
			"sysActiveDom":	"standalone_domain",
			"sysDefaultDom":	"standalone_domain",
			"domains":	[{
					"domainName":	"standalone_domain",
					"domainDispName":	"standalone_domain",
					"domainDesc":	"standalone_domain",
					"processors":	"microblaze_0",
					"os":	"standalone",
					"sdxOs":	"standalone",
					"debugEnable":	"False",
					"domRuntimes":	["cpp"],
					"swRepo":	"",
					"mssOsVer":	"8.0",
					"mssFile":	"",
					"md5Digest":	"b07374f88f8351eb9e2fdf540c6ab14f",
					"compatibleApp":	"",
					"domType":	"mssDomain",
					"arch":	"32-bit",
					"appSettings":	{
						"appCompilerFlags":	"",
						"appLinkerFlags":	""
					},
					"addedLibs":	[],
					"libOptions":	{
						"libsContainingOptions":	[]
					},
					"prebuiltLibs":	{
						"prebuiltIncPath":	[],
						"prebuiltLibPath":	[]
					},
					"isolation":	{
					}
				}]
		}]
}
LOG::2023-05-03.20:22:18::SCWPlatform::Started generating the artifacts platform UART_to_PC_with_MicroBlaze
TRACE::2023-05-03.20:22:18::SCWPlatform::Sanity checking of platform is completed
LOG::2023-05-03.20:22:18::SCWPlatform::Started generating the artifacts for system configuration UART_to_PC_with_MicroBlaze
LOG::2023-05-03.20:22:18::SCWSystem::Checking the domain standalone_domain
LOG::2023-05-03.20:22:18::SCWSystem::Not a boot domain 
LOG::2023-05-03.20:22:18::SCWSystem::Started Processing the domain standalone_domain
TRACE::2023-05-03.20:22:18::SCWDomain::Generating domain artifcats
TRACE::2023-05-03.20:22:18::SCWMssOS::Generating standalone artifcats
TRACE::2023-05-03.20:22:18::SCWMssOS:: Copying the user libraries. 
TRACE::2023-05-03.20:22:18::SCWPlatform::Trying to open the hw design at C:/Users/andy1/fpgaProjects/UART_to_PC/software/UART_to_PC_with_MicroBlaze/hw/microblaze_n_uartlite.xsa
TRACE::2023-05-03.20:22:18::SCWPlatform::DSA given C:/Users/andy1/fpgaProjects/UART_to_PC/software/UART_to_PC_with_MicroBlaze/hw/microblaze_n_uartlite.xsa
TRACE::2023-05-03.20:22:18::SCWPlatform::DSA absoulate path C:/Users/andy1/fpgaProjects/UART_to_PC/software/UART_to_PC_with_MicroBlaze/hw/microblaze_n_uartlite.xsa
TRACE::2023-05-03.20:22:18::SCWPlatform::DSA directory C:/Users/andy1/fpgaProjects/UART_to_PC/software/UART_to_PC_with_MicroBlaze/hw
TRACE::2023-05-03.20:22:18::SCWPlatform:: Platform Path C:/Users/andy1/fpgaProjects/UART_to_PC/software/UART_to_PC_with_MicroBlaze/hw/microblaze_n_uartlite.xsa
TRACE::2023-05-03.20:22:18::SCWPlatform:: Unique name xilinx:arty-s7-50::0.0
TRACE::2023-05-03.20:22:18::SCWPlatform::Trying to set the existing hwdb with name design_1_wrapper_0
TRACE::2023-05-03.20:22:18::SCWPlatform::Opened existing hwdb design_1_wrapper_0
TRACE::2023-05-03.20:22:18::SCWPlatform::Found the Hw Db part of the input DSA
TRACE::2023-05-03.20:22:18::SCWMssOS::Checking the sw design at  C:/Users/andy1/fpgaProjects/UART_to_PC/software/UART_to_PC_with_MicroBlaze/microblaze_0/standalone_domain/bsp/system.mss
TRACE::2023-05-03.20:22:18::SCWMssOS::DEBUG:  swdes dump  C:/Users/andy1/fpgaProjects/UART_to_PC/software/UART_to_PC_with_MicroBlaze/microblaze_0/standalone_domain/bsp/system.mss|system||

TRACE::2023-05-03.20:22:18::SCWMssOS::Sw design exists and opened at  C:/Users/andy1/fpgaProjects/UART_to_PC/software/UART_to_PC_with_MicroBlaze/microblaze_0/standalone_domain/bsp/system.mss
TRACE::2023-05-03.20:22:18::SCWMssOS::Completed writing the mss file at C:/Users/andy1/fpgaProjects/UART_to_PC/software/UART_to_PC_with_MicroBlaze/microblaze_0/standalone_domain/bsp
TRACE::2023-05-03.20:22:18::SCWMssOS::Mss edits present, copying mssfile into export location C:/Users/andy1/fpgaProjects/UART_to_PC/software/UART_to_PC_with_MicroBlaze/microblaze_0/standalone_domain/bsp/system.mss
TRACE::2023-05-03.20:22:18::SCWMssOS::bsp generated is upto date with the mss file. Skipping bsp generation.
TRACE::2023-05-03.20:22:18::SCWMssOS::BSP is already built. skipping the bsp build ... 
TRACE::2023-05-03.20:22:18::SCWDomain::Skipping the build for domain :  standalone_domain
TRACE::2023-05-03.20:22:18::SCWMssOS::skipping the bsp build ... 
TRACE::2023-05-03.20:22:18::SCWMssOS::Copying to export directory.
TRACE::2023-05-03.20:22:18::SCWMssOS:: Checking if to create the Supporting Applications
TRACE::2023-05-03.20:22:18::SCWMssOS:: No Linux domain exists, trying to generate FSBL 
LOG::2023-05-03.20:22:18::SCWSystem::Completed Processing the domain standalone_domain
LOG::2023-05-03.20:22:18::SCWSystem::Completed Processing the sysconfig UART_to_PC_with_MicroBlaze
LOG::2023-05-03.20:22:18::SCWPlatform::Completed generating the artifacts for system configuration UART_to_PC_with_MicroBlaze
TRACE::2023-05-03.20:22:18::SCWPlatform::Started preparing the platform 
TRACE::2023-05-03.20:22:18::SCWSystem::Writing the bif file for system config UART_to_PC_with_MicroBlaze
TRACE::2023-05-03.20:22:18::SCWSystem::dir created 
TRACE::2023-05-03.20:22:18::SCWSystem::Writing the bif 
TRACE::2023-05-03.20:22:18::SCWPlatform::Started writing the spfm file 
TRACE::2023-05-03.20:22:18::SCWPlatform::Started writing the xpfm file 
TRACE::2023-05-03.20:22:18::SCWPlatform::Completed generating the platform
TRACE::2023-05-03.20:22:18::SCWMssOS::Saving the mss changes C:/Users/andy1/fpgaProjects/UART_to_PC/software/UART_to_PC_with_MicroBlaze/microblaze_0/standalone_domain/bsp/system.mss
TRACE::2023-05-03.20:22:18::SCWMssOS::Found a swdesign opened with the mssfile.
TRACE::2023-05-03.20:22:18::SCWMssOS::Completed writemss as part of save.
TRACE::2023-05-03.20:22:18::SCWMssOS::Commit changes completed.
TRACE::2023-05-03.20:22:18::SCWPlatform::Trying to open the hw design at C:/Users/andy1/fpgaProjects/UART_to_PC/software/UART_to_PC_with_MicroBlaze/hw/microblaze_n_uartlite.xsa
TRACE::2023-05-03.20:22:18::SCWPlatform::DSA given C:/Users/andy1/fpgaProjects/UART_to_PC/software/UART_to_PC_with_MicroBlaze/hw/microblaze_n_uartlite.xsa
TRACE::2023-05-03.20:22:18::SCWPlatform::DSA absoulate path C:/Users/andy1/fpgaProjects/UART_to_PC/software/UART_to_PC_with_MicroBlaze/hw/microblaze_n_uartlite.xsa
TRACE::2023-05-03.20:22:18::SCWPlatform::DSA directory C:/Users/andy1/fpgaProjects/UART_to_PC/software/UART_to_PC_with_MicroBlaze/hw
TRACE::2023-05-03.20:22:18::SCWPlatform:: Platform Path C:/Users/andy1/fpgaProjects/UART_to_PC/software/UART_to_PC_with_MicroBlaze/hw/microblaze_n_uartlite.xsa
TRACE::2023-05-03.20:22:18::SCWPlatform:: Unique name xilinx:arty-s7-50::0.0
TRACE::2023-05-03.20:22:18::SCWPlatform::Trying to set the existing hwdb with name design_1_wrapper_0
TRACE::2023-05-03.20:22:18::SCWPlatform::Opened existing hwdb design_1_wrapper_0
TRACE::2023-05-03.20:22:18::SCWPlatform::Found the Hw Db part of the input DSA
TRACE::2023-05-03.20:22:18::SCWMssOS::Checking the sw design at  C:/Users/andy1/fpgaProjects/UART_to_PC/software/UART_to_PC_with_MicroBlaze/microblaze_0/standalone_domain/bsp/system.mss
TRACE::2023-05-03.20:22:18::SCWMssOS::DEBUG:  swdes dump  C:/Users/andy1/fpgaProjects/UART_to_PC/software/UART_to_PC_with_MicroBlaze/microblaze_0/standalone_domain/bsp/system.mss|system||

TRACE::2023-05-03.20:22:18::SCWMssOS::Sw design exists and opened at  C:/Users/andy1/fpgaProjects/UART_to_PC/software/UART_to_PC_with_MicroBlaze/microblaze_0/standalone_domain/bsp/system.mss
TRACE::2023-05-03.20:22:18::SCWPlatform::Trying to open the hw design at C:/Users/andy1/fpgaProjects/UART_to_PC/software/UART_to_PC_with_MicroBlaze/hw/microblaze_n_uartlite.xsa
TRACE::2023-05-03.20:22:18::SCWPlatform::DSA given C:/Users/andy1/fpgaProjects/UART_to_PC/software/UART_to_PC_with_MicroBlaze/hw/microblaze_n_uartlite.xsa
TRACE::2023-05-03.20:22:18::SCWPlatform::DSA absoulate path C:/Users/andy1/fpgaProjects/UART_to_PC/software/UART_to_PC_with_MicroBlaze/hw/microblaze_n_uartlite.xsa
TRACE::2023-05-03.20:22:18::SCWPlatform::DSA directory C:/Users/andy1/fpgaProjects/UART_to_PC/software/UART_to_PC_with_MicroBlaze/hw
TRACE::2023-05-03.20:22:18::SCWPlatform:: Platform Path C:/Users/andy1/fpgaProjects/UART_to_PC/software/UART_to_PC_with_MicroBlaze/hw/microblaze_n_uartlite.xsa
TRACE::2023-05-03.20:22:18::SCWPlatform:: Unique name xilinx:arty-s7-50::0.0
TRACE::2023-05-03.20:22:18::SCWPlatform::Trying to set the existing hwdb with name design_1_wrapper_0
TRACE::2023-05-03.20:22:18::SCWPlatform::Opened existing hwdb design_1_wrapper_0
TRACE::2023-05-03.20:22:18::SCWPlatform::Found the Hw Db part of the input DSA
TRACE::2023-05-03.20:22:18::SCWMssOS::Checking the sw design at  C:/Users/andy1/fpgaProjects/UART_to_PC/software/UART_to_PC_with_MicroBlaze/microblaze_0/standalone_domain/bsp/system.mss
TRACE::2023-05-03.20:22:18::SCWMssOS::DEBUG:  swdes dump  C:/Users/andy1/fpgaProjects/UART_to_PC/software/UART_to_PC_with_MicroBlaze/microblaze_0/standalone_domain/bsp/system.mss|system||

TRACE::2023-05-03.20:22:18::SCWMssOS::Sw design exists and opened at  C:/Users/andy1/fpgaProjects/UART_to_PC/software/UART_to_PC_with_MicroBlaze/microblaze_0/standalone_domain/bsp/system.mss
TRACE::2023-05-03.20:22:18::SCWPlatform::Trying to open the hw design at C:/Users/andy1/fpgaProjects/UART_to_PC/software/UART_to_PC_with_MicroBlaze/hw/microblaze_n_uartlite.xsa
TRACE::2023-05-03.20:22:18::SCWPlatform::DSA given C:/Users/andy1/fpgaProjects/UART_to_PC/software/UART_to_PC_with_MicroBlaze/hw/microblaze_n_uartlite.xsa
TRACE::2023-05-03.20:22:18::SCWPlatform::DSA absoulate path C:/Users/andy1/fpgaProjects/UART_to_PC/software/UART_to_PC_with_MicroBlaze/hw/microblaze_n_uartlite.xsa
TRACE::2023-05-03.20:22:18::SCWPlatform::DSA directory C:/Users/andy1/fpgaProjects/UART_to_PC/software/UART_to_PC_with_MicroBlaze/hw
TRACE::2023-05-03.20:22:18::SCWPlatform:: Platform Path C:/Users/andy1/fpgaProjects/UART_to_PC/software/UART_to_PC_with_MicroBlaze/hw/microblaze_n_uartlite.xsa
TRACE::2023-05-03.20:22:18::SCWPlatform:: Unique name xilinx:arty-s7-50::0.0
TRACE::2023-05-03.20:22:18::SCWPlatform::Trying to set the existing hwdb with name design_1_wrapper_0
TRACE::2023-05-03.20:22:18::SCWPlatform::Opened existing hwdb design_1_wrapper_0
TRACE::2023-05-03.20:22:18::SCWPlatform::Found the Hw Db part of the input DSA
TRACE::2023-05-03.20:22:18::SCWMssOS::Checking the sw design at  C:/Users/andy1/fpgaProjects/UART_to_PC/software/UART_to_PC_with_MicroBlaze/microblaze_0/standalone_domain/bsp/system.mss
TRACE::2023-05-03.20:22:18::SCWMssOS::DEBUG:  swdes dump  C:/Users/andy1/fpgaProjects/UART_to_PC/software/UART_to_PC_with_MicroBlaze/microblaze_0/standalone_domain/bsp/system.mss|system||

TRACE::2023-05-03.20:22:18::SCWMssOS::Sw design exists and opened at  C:/Users/andy1/fpgaProjects/UART_to_PC/software/UART_to_PC_with_MicroBlaze/microblaze_0/standalone_domain/bsp/system.mss
TRACE::2023-05-03.20:22:18::SCWWriter::formatted JSON is {
	"platformName":	"UART_to_PC_with_MicroBlaze",
	"sprVersion":	"2.0",
	"mode":	"gui",
	"dsaType":	"Fixed",
	"platformDesc":	"UART_to_PC_with_MicroBlaze",
	"platHandOff":	"C:/Users/andy1/fpgaProjects/UART_to_PC/microblaze_n_uartlite.xsa",
	"platIntHandOff":	"<platformDir>/hw/microblaze_n_uartlite.xsa",
	"deviceType":	"FPGA",
	"platIsPrebuiltAutogen":	"false",
	"platIsNoBootBsp":	"false",
	"hasFsblMakeHasChanges":	"false",
	"hasPmufwMakeHasChanges":	"false",
	"platPreBuiltFlag":	false,
	"platformSamplesDir":	"",
	"platActiveSys":	"UART_to_PC_with_MicroBlaze",
	"systems":	[{
			"systemName":	"UART_to_PC_with_MicroBlaze",
			"systemDesc":	"UART_to_PC_with_MicroBlaze",
			"sysIsBootAutoGen":	"true",
			"systemDispName":	"UART_to_PC_with_MicroBlaze",
			"sysActiveDom":	"standalone_domain",
			"sysDefaultDom":	"standalone_domain",
			"domains":	[{
					"domainName":	"standalone_domain",
					"domainDispName":	"standalone_domain",
					"domainDesc":	"standalone_domain",
					"processors":	"microblaze_0",
					"os":	"standalone",
					"sdxOs":	"standalone",
					"debugEnable":	"False",
					"domRuntimes":	["cpp"],
					"swRepo":	"",
					"mssOsVer":	"8.0",
					"mssFile":	"",
					"md5Digest":	"b07374f88f8351eb9e2fdf540c6ab14f",
					"compatibleApp":	"",
					"domType":	"mssDomain",
					"arch":	"32-bit",
					"appSettings":	{
						"appCompilerFlags":	"",
						"appLinkerFlags":	""
					},
					"addedLibs":	[],
					"libOptions":	{
						"libsContainingOptions":	[]
					},
					"prebuiltLibs":	{
						"prebuiltIncPath":	[],
						"prebuiltLibPath":	[]
					},
					"isolation":	{
					}
				}]
		}]
}
KEYINFO::2023-05-03.20:22:18::SCWPlatform::updated the xpfm file.
TRACE::2023-05-03.20:22:18::SCWPlatform::Trying to open the hw design at C:/Users/andy1/fpgaProjects/UART_to_PC/software/UART_to_PC_with_MicroBlaze/hw/microblaze_n_uartlite.xsa
TRACE::2023-05-03.20:22:18::SCWPlatform::DSA given C:/Users/andy1/fpgaProjects/UART_to_PC/software/UART_to_PC_with_MicroBlaze/hw/microblaze_n_uartlite.xsa
TRACE::2023-05-03.20:22:18::SCWPlatform::DSA absoulate path C:/Users/andy1/fpgaProjects/UART_to_PC/software/UART_to_PC_with_MicroBlaze/hw/microblaze_n_uartlite.xsa
TRACE::2023-05-03.20:22:18::SCWPlatform::DSA directory C:/Users/andy1/fpgaProjects/UART_to_PC/software/UART_to_PC_with_MicroBlaze/hw
TRACE::2023-05-03.20:22:18::SCWPlatform:: Platform Path C:/Users/andy1/fpgaProjects/UART_to_PC/software/UART_to_PC_with_MicroBlaze/hw/microblaze_n_uartlite.xsa
TRACE::2023-05-03.20:22:18::SCWPlatform:: Unique name xilinx:arty-s7-50::0.0
TRACE::2023-05-03.20:22:18::SCWPlatform::Trying to set the existing hwdb with name design_1_wrapper_0
TRACE::2023-05-03.20:22:18::SCWPlatform::Opened existing hwdb design_1_wrapper_0
TRACE::2023-05-03.20:22:18::SCWPlatform::Found the Hw Db part of the input DSA
TRACE::2023-05-03.20:22:18::SCWMssOS::Checking the sw design at  C:/Users/andy1/fpgaProjects/UART_to_PC/software/UART_to_PC_with_MicroBlaze/microblaze_0/standalone_domain/bsp/system.mss
TRACE::2023-05-03.20:22:18::SCWMssOS::DEBUG:  swdes dump  C:/Users/andy1/fpgaProjects/UART_to_PC/software/UART_to_PC_with_MicroBlaze/microblaze_0/standalone_domain/bsp/system.mss|system||

TRACE::2023-05-03.20:22:18::SCWMssOS::Sw design exists and opened at  C:/Users/andy1/fpgaProjects/UART_to_PC/software/UART_to_PC_with_MicroBlaze/microblaze_0/standalone_domain/bsp/system.mss
TRACE::2023-05-03.20:22:18::SCWMssOS::Saving the mss changes C:/Users/andy1/fpgaProjects/UART_to_PC/software/UART_to_PC_with_MicroBlaze/microblaze_0/standalone_domain/bsp/system.mss
TRACE::2023-05-03.20:22:18::SCWMssOS::Found a swdesign opened with the mssfile.
TRACE::2023-05-03.20:22:18::SCWMssOS::Completed writemss as part of save.
TRACE::2023-05-03.20:22:18::SCWMssOS::Commit changes completed.
TRACE::2023-05-03.20:22:18::SCWPlatform::Trying to open the hw design at C:/Users/andy1/fpgaProjects/UART_to_PC/software/UART_to_PC_with_MicroBlaze/hw/microblaze_n_uartlite.xsa
TRACE::2023-05-03.20:22:18::SCWPlatform::DSA given C:/Users/andy1/fpgaProjects/UART_to_PC/software/UART_to_PC_with_MicroBlaze/hw/microblaze_n_uartlite.xsa
TRACE::2023-05-03.20:22:18::SCWPlatform::DSA absoulate path C:/Users/andy1/fpgaProjects/UART_to_PC/software/UART_to_PC_with_MicroBlaze/hw/microblaze_n_uartlite.xsa
TRACE::2023-05-03.20:22:18::SCWPlatform::DSA directory C:/Users/andy1/fpgaProjects/UART_to_PC/software/UART_to_PC_with_MicroBlaze/hw
TRACE::2023-05-03.20:22:18::SCWPlatform:: Platform Path C:/Users/andy1/fpgaProjects/UART_to_PC/software/UART_to_PC_with_MicroBlaze/hw/microblaze_n_uartlite.xsa
TRACE::2023-05-03.20:22:18::SCWPlatform:: Unique name xilinx:arty-s7-50::0.0
TRACE::2023-05-03.20:22:18::SCWPlatform::Trying to set the existing hwdb with name design_1_wrapper_0
TRACE::2023-05-03.20:22:18::SCWPlatform::Opened existing hwdb design_1_wrapper_0
TRACE::2023-05-03.20:22:18::SCWPlatform::Found the Hw Db part of the input DSA
TRACE::2023-05-03.20:22:18::SCWMssOS::Checking the sw design at  C:/Users/andy1/fpgaProjects/UART_to_PC/software/UART_to_PC_with_MicroBlaze/microblaze_0/standalone_domain/bsp/system.mss
TRACE::2023-05-03.20:22:18::SCWMssOS::DEBUG:  swdes dump  C:/Users/andy1/fpgaProjects/UART_to_PC/software/UART_to_PC_with_MicroBlaze/microblaze_0/standalone_domain/bsp/system.mss|system||

TRACE::2023-05-03.20:22:18::SCWMssOS::Sw design exists and opened at  C:/Users/andy1/fpgaProjects/UART_to_PC/software/UART_to_PC_with_MicroBlaze/microblaze_0/standalone_domain/bsp/system.mss
TRACE::2023-05-03.20:22:18::SCWPlatform::Trying to open the hw design at C:/Users/andy1/fpgaProjects/UART_to_PC/software/UART_to_PC_with_MicroBlaze/hw/microblaze_n_uartlite.xsa
TRACE::2023-05-03.20:22:18::SCWPlatform::DSA given C:/Users/andy1/fpgaProjects/UART_to_PC/software/UART_to_PC_with_MicroBlaze/hw/microblaze_n_uartlite.xsa
TRACE::2023-05-03.20:22:18::SCWPlatform::DSA absoulate path C:/Users/andy1/fpgaProjects/UART_to_PC/software/UART_to_PC_with_MicroBlaze/hw/microblaze_n_uartlite.xsa
TRACE::2023-05-03.20:22:18::SCWPlatform::DSA directory C:/Users/andy1/fpgaProjects/UART_to_PC/software/UART_to_PC_with_MicroBlaze/hw
TRACE::2023-05-03.20:22:18::SCWPlatform:: Platform Path C:/Users/andy1/fpgaProjects/UART_to_PC/software/UART_to_PC_with_MicroBlaze/hw/microblaze_n_uartlite.xsa
TRACE::2023-05-03.20:22:18::SCWPlatform:: Unique name xilinx:arty-s7-50::0.0
TRACE::2023-05-03.20:22:18::SCWPlatform::Trying to set the existing hwdb with name design_1_wrapper_0
TRACE::2023-05-03.20:22:18::SCWPlatform::Opened existing hwdb design_1_wrapper_0
TRACE::2023-05-03.20:22:18::SCWPlatform::Found the Hw Db part of the input DSA
TRACE::2023-05-03.20:22:18::SCWMssOS::Checking the sw design at  C:/Users/andy1/fpgaProjects/UART_to_PC/software/UART_to_PC_with_MicroBlaze/microblaze_0/standalone_domain/bsp/system.mss
TRACE::2023-05-03.20:22:18::SCWMssOS::DEBUG:  swdes dump  C:/Users/andy1/fpgaProjects/UART_to_PC/software/UART_to_PC_with_MicroBlaze/microblaze_0/standalone_domain/bsp/system.mss|system||

TRACE::2023-05-03.20:22:18::SCWMssOS::Sw design exists and opened at  C:/Users/andy1/fpgaProjects/UART_to_PC/software/UART_to_PC_with_MicroBlaze/microblaze_0/standalone_domain/bsp/system.mss
TRACE::2023-05-03.20:22:18::SCWPlatform::Trying to open the hw design at C:/Users/andy1/fpgaProjects/UART_to_PC/software/UART_to_PC_with_MicroBlaze/hw/microblaze_n_uartlite.xsa
TRACE::2023-05-03.20:22:18::SCWPlatform::DSA given C:/Users/andy1/fpgaProjects/UART_to_PC/software/UART_to_PC_with_MicroBlaze/hw/microblaze_n_uartlite.xsa
TRACE::2023-05-03.20:22:18::SCWPlatform::DSA absoulate path C:/Users/andy1/fpgaProjects/UART_to_PC/software/UART_to_PC_with_MicroBlaze/hw/microblaze_n_uartlite.xsa
TRACE::2023-05-03.20:22:18::SCWPlatform::DSA directory C:/Users/andy1/fpgaProjects/UART_to_PC/software/UART_to_PC_with_MicroBlaze/hw
TRACE::2023-05-03.20:22:18::SCWPlatform:: Platform Path C:/Users/andy1/fpgaProjects/UART_to_PC/software/UART_to_PC_with_MicroBlaze/hw/microblaze_n_uartlite.xsa
TRACE::2023-05-03.20:22:18::SCWPlatform:: Unique name xilinx:arty-s7-50::0.0
TRACE::2023-05-03.20:22:18::SCWPlatform::Trying to set the existing hwdb with name design_1_wrapper_0
TRACE::2023-05-03.20:22:18::SCWPlatform::Opened existing hwdb design_1_wrapper_0
TRACE::2023-05-03.20:22:18::SCWPlatform::Found the Hw Db part of the input DSA
TRACE::2023-05-03.20:22:18::SCWMssOS::Checking the sw design at  C:/Users/andy1/fpgaProjects/UART_to_PC/software/UART_to_PC_with_MicroBlaze/microblaze_0/standalone_domain/bsp/system.mss
TRACE::2023-05-03.20:22:18::SCWMssOS::DEBUG:  swdes dump  C:/Users/andy1/fpgaProjects/UART_to_PC/software/UART_to_PC_with_MicroBlaze/microblaze_0/standalone_domain/bsp/system.mss|system||

TRACE::2023-05-03.20:22:18::SCWMssOS::Sw design exists and opened at  C:/Users/andy1/fpgaProjects/UART_to_PC/software/UART_to_PC_with_MicroBlaze/microblaze_0/standalone_domain/bsp/system.mss
TRACE::2023-05-03.20:22:18::SCWWriter::formatted JSON is {
	"platformName":	"UART_to_PC_with_MicroBlaze",
	"sprVersion":	"2.0",
	"mode":	"gui",
	"dsaType":	"Fixed",
	"platformDesc":	"UART_to_PC_with_MicroBlaze",
	"platHandOff":	"C:/Users/andy1/fpgaProjects/UART_to_PC/microblaze_n_uartlite.xsa",
	"platIntHandOff":	"<platformDir>/hw/microblaze_n_uartlite.xsa",
	"deviceType":	"FPGA",
	"platIsPrebuiltAutogen":	"false",
	"platIsNoBootBsp":	"false",
	"hasFsblMakeHasChanges":	"false",
	"hasPmufwMakeHasChanges":	"false",
	"platPreBuiltFlag":	false,
	"platformSamplesDir":	"",
	"platActiveSys":	"UART_to_PC_with_MicroBlaze",
	"systems":	[{
			"systemName":	"UART_to_PC_with_MicroBlaze",
			"systemDesc":	"UART_to_PC_with_MicroBlaze",
			"sysIsBootAutoGen":	"true",
			"systemDispName":	"UART_to_PC_with_MicroBlaze",
			"sysActiveDom":	"standalone_domain",
			"sysDefaultDom":	"standalone_domain",
			"domains":	[{
					"domainName":	"standalone_domain",
					"domainDispName":	"standalone_domain",
					"domainDesc":	"standalone_domain",
					"processors":	"microblaze_0",
					"os":	"standalone",
					"sdxOs":	"standalone",
					"debugEnable":	"False",
					"domRuntimes":	["cpp"],
					"swRepo":	"",
					"mssOsVer":	"8.0",
					"mssFile":	"",
					"md5Digest":	"b07374f88f8351eb9e2fdf540c6ab14f",
					"compatibleApp":	"",
					"domType":	"mssDomain",
					"arch":	"32-bit",
					"appSettings":	{
						"appCompilerFlags":	"",
						"appLinkerFlags":	""
					},
					"addedLibs":	[],
					"libOptions":	{
						"libsContainingOptions":	[]
					},
					"prebuiltLibs":	{
						"prebuiltIncPath":	[],
						"prebuiltLibPath":	[]
					},
					"isolation":	{
					}
				}]
		}]
}
TRACE::2023-05-03.20:22:18::SCWPlatform::Trying to open the hw design at C:/Users/andy1/fpgaProjects/UART_to_PC/software/UART_to_PC_with_MicroBlaze/hw/microblaze_n_uartlite.xsa
TRACE::2023-05-03.20:22:18::SCWPlatform::DSA given C:/Users/andy1/fpgaProjects/UART_to_PC/software/UART_to_PC_with_MicroBlaze/hw/microblaze_n_uartlite.xsa
TRACE::2023-05-03.20:22:18::SCWPlatform::DSA absoulate path C:/Users/andy1/fpgaProjects/UART_to_PC/software/UART_to_PC_with_MicroBlaze/hw/microblaze_n_uartlite.xsa
TRACE::2023-05-03.20:22:18::SCWPlatform::DSA directory C:/Users/andy1/fpgaProjects/UART_to_PC/software/UART_to_PC_with_MicroBlaze/hw
TRACE::2023-05-03.20:22:18::SCWPlatform:: Platform Path C:/Users/andy1/fpgaProjects/UART_to_PC/software/UART_to_PC_with_MicroBlaze/hw/microblaze_n_uartlite.xsa
TRACE::2023-05-03.20:22:18::SCWPlatform:: Unique name xilinx:arty-s7-50::0.0
TRACE::2023-05-03.20:22:18::SCWPlatform::Trying to set the existing hwdb with name design_1_wrapper_0
TRACE::2023-05-03.20:22:18::SCWPlatform::Opened existing hwdb design_1_wrapper_0
TRACE::2023-05-03.20:22:18::SCWPlatform::Found the Hw Db part of the input DSA
TRACE::2023-05-03.20:22:18::SCWMssOS::Checking the sw design at  C:/Users/andy1/fpgaProjects/UART_to_PC/software/UART_to_PC_with_MicroBlaze/microblaze_0/standalone_domain/bsp/system.mss
TRACE::2023-05-03.20:22:18::SCWMssOS::DEBUG:  swdes dump  C:/Users/andy1/fpgaProjects/UART_to_PC/software/UART_to_PC_with_MicroBlaze/microblaze_0/standalone_domain/bsp/system.mss|system||

TRACE::2023-05-03.20:22:18::SCWMssOS::Sw design exists and opened at  C:/Users/andy1/fpgaProjects/UART_to_PC/software/UART_to_PC_with_MicroBlaze/microblaze_0/standalone_domain/bsp/system.mss
TRACE::2023-05-03.20:22:18::SCWPlatform::Trying to open the hw design at C:/Users/andy1/fpgaProjects/UART_to_PC/software/UART_to_PC_with_MicroBlaze/hw/microblaze_n_uartlite.xsa
TRACE::2023-05-03.20:22:18::SCWPlatform::DSA given C:/Users/andy1/fpgaProjects/UART_to_PC/software/UART_to_PC_with_MicroBlaze/hw/microblaze_n_uartlite.xsa
TRACE::2023-05-03.20:22:18::SCWPlatform::DSA absoulate path C:/Users/andy1/fpgaProjects/UART_to_PC/software/UART_to_PC_with_MicroBlaze/hw/microblaze_n_uartlite.xsa
TRACE::2023-05-03.20:22:18::SCWPlatform::DSA directory C:/Users/andy1/fpgaProjects/UART_to_PC/software/UART_to_PC_with_MicroBlaze/hw
TRACE::2023-05-03.20:22:18::SCWPlatform:: Platform Path C:/Users/andy1/fpgaProjects/UART_to_PC/software/UART_to_PC_with_MicroBlaze/hw/microblaze_n_uartlite.xsa
TRACE::2023-05-03.20:22:18::SCWPlatform:: Unique name xilinx:arty-s7-50::0.0
TRACE::2023-05-03.20:22:18::SCWPlatform::Trying to set the existing hwdb with name design_1_wrapper_0
TRACE::2023-05-03.20:22:18::SCWPlatform::Opened existing hwdb design_1_wrapper_0
TRACE::2023-05-03.20:22:18::SCWPlatform::Found the Hw Db part of the input DSA
TRACE::2023-05-03.20:22:18::SCWMssOS::Checking the sw design at  C:/Users/andy1/fpgaProjects/UART_to_PC/software/UART_to_PC_with_MicroBlaze/microblaze_0/standalone_domain/bsp/system.mss
TRACE::2023-05-03.20:22:18::SCWMssOS::DEBUG:  swdes dump  C:/Users/andy1/fpgaProjects/UART_to_PC/software/UART_to_PC_with_MicroBlaze/microblaze_0/standalone_domain/bsp/system.mss|system||

TRACE::2023-05-03.20:22:18::SCWMssOS::Sw design exists and opened at  C:/Users/andy1/fpgaProjects/UART_to_PC/software/UART_to_PC_with_MicroBlaze/microblaze_0/standalone_domain/bsp/system.mss
TRACE::2023-05-03.20:22:18::SCWPlatform::Trying to open the hw design at C:/Users/andy1/fpgaProjects/UART_to_PC/software/UART_to_PC_with_MicroBlaze/hw/microblaze_n_uartlite.xsa
TRACE::2023-05-03.20:22:18::SCWPlatform::DSA given C:/Users/andy1/fpgaProjects/UART_to_PC/software/UART_to_PC_with_MicroBlaze/hw/microblaze_n_uartlite.xsa
TRACE::2023-05-03.20:22:18::SCWPlatform::DSA absoulate path C:/Users/andy1/fpgaProjects/UART_to_PC/software/UART_to_PC_with_MicroBlaze/hw/microblaze_n_uartlite.xsa
TRACE::2023-05-03.20:22:18::SCWPlatform::DSA directory C:/Users/andy1/fpgaProjects/UART_to_PC/software/UART_to_PC_with_MicroBlaze/hw
TRACE::2023-05-03.20:22:18::SCWPlatform:: Platform Path C:/Users/andy1/fpgaProjects/UART_to_PC/software/UART_to_PC_with_MicroBlaze/hw/microblaze_n_uartlite.xsa
TRACE::2023-05-03.20:22:18::SCWPlatform:: Unique name xilinx:arty-s7-50::0.0
TRACE::2023-05-03.20:22:18::SCWPlatform::Trying to set the existing hwdb with name design_1_wrapper_0
TRACE::2023-05-03.20:22:18::SCWPlatform::Opened existing hwdb design_1_wrapper_0
TRACE::2023-05-03.20:22:18::SCWPlatform::Found the Hw Db part of the input DSA
TRACE::2023-05-03.20:22:18::SCWMssOS::Checking the sw design at  C:/Users/andy1/fpgaProjects/UART_to_PC/software/UART_to_PC_with_MicroBlaze/microblaze_0/standalone_domain/bsp/system.mss
TRACE::2023-05-03.20:22:18::SCWMssOS::DEBUG:  swdes dump  C:/Users/andy1/fpgaProjects/UART_to_PC/software/UART_to_PC_with_MicroBlaze/microblaze_0/standalone_domain/bsp/system.mss|system||

TRACE::2023-05-03.20:22:18::SCWMssOS::Sw design exists and opened at  C:/Users/andy1/fpgaProjects/UART_to_PC/software/UART_to_PC_with_MicroBlaze/microblaze_0/standalone_domain/bsp/system.mss
TRACE::2023-05-03.20:22:18::SCWMssOS::Saving the mss changes C:/Users/andy1/fpgaProjects/UART_to_PC/software/UART_to_PC_with_MicroBlaze/microblaze_0/standalone_domain/bsp/system.mss
TRACE::2023-05-03.20:22:18::SCWMssOS::Found a swdesign opened with the mssfile.
TRACE::2023-05-03.20:22:18::SCWMssOS::Completed writemss as part of save.
TRACE::2023-05-03.20:22:18::SCWMssOS::Commit changes completed.
TRACE::2023-05-03.20:22:18::SCWPlatform::Trying to open the hw design at C:/Users/andy1/fpgaProjects/UART_to_PC/software/UART_to_PC_with_MicroBlaze/hw/microblaze_n_uartlite.xsa
TRACE::2023-05-03.20:22:18::SCWPlatform::DSA given C:/Users/andy1/fpgaProjects/UART_to_PC/software/UART_to_PC_with_MicroBlaze/hw/microblaze_n_uartlite.xsa
TRACE::2023-05-03.20:22:18::SCWPlatform::DSA absoulate path C:/Users/andy1/fpgaProjects/UART_to_PC/software/UART_to_PC_with_MicroBlaze/hw/microblaze_n_uartlite.xsa
TRACE::2023-05-03.20:22:18::SCWPlatform::DSA directory C:/Users/andy1/fpgaProjects/UART_to_PC/software/UART_to_PC_with_MicroBlaze/hw
TRACE::2023-05-03.20:22:18::SCWPlatform:: Platform Path C:/Users/andy1/fpgaProjects/UART_to_PC/software/UART_to_PC_with_MicroBlaze/hw/microblaze_n_uartlite.xsa
TRACE::2023-05-03.20:22:18::SCWPlatform:: Unique name xilinx:arty-s7-50::0.0
TRACE::2023-05-03.20:22:18::SCWPlatform::Trying to set the existing hwdb with name design_1_wrapper_0
TRACE::2023-05-03.20:22:18::SCWPlatform::Opened existing hwdb design_1_wrapper_0
TRACE::2023-05-03.20:22:18::SCWPlatform::Found the Hw Db part of the input DSA
TRACE::2023-05-03.20:22:18::SCWMssOS::Checking the sw design at  C:/Users/andy1/fpgaProjects/UART_to_PC/software/UART_to_PC_with_MicroBlaze/microblaze_0/standalone_domain/bsp/system.mss
TRACE::2023-05-03.20:22:18::SCWMssOS::DEBUG:  swdes dump  C:/Users/andy1/fpgaProjects/UART_to_PC/software/UART_to_PC_with_MicroBlaze/microblaze_0/standalone_domain/bsp/system.mss|system||

TRACE::2023-05-03.20:22:18::SCWMssOS::Sw design exists and opened at  C:/Users/andy1/fpgaProjects/UART_to_PC/software/UART_to_PC_with_MicroBlaze/microblaze_0/standalone_domain/bsp/system.mss
TRACE::2023-05-03.20:22:18::SCWPlatform::Trying to open the hw design at C:/Users/andy1/fpgaProjects/UART_to_PC/software/UART_to_PC_with_MicroBlaze/hw/microblaze_n_uartlite.xsa
TRACE::2023-05-03.20:22:18::SCWPlatform::DSA given C:/Users/andy1/fpgaProjects/UART_to_PC/software/UART_to_PC_with_MicroBlaze/hw/microblaze_n_uartlite.xsa
TRACE::2023-05-03.20:22:18::SCWPlatform::DSA absoulate path C:/Users/andy1/fpgaProjects/UART_to_PC/software/UART_to_PC_with_MicroBlaze/hw/microblaze_n_uartlite.xsa
TRACE::2023-05-03.20:22:18::SCWPlatform::DSA directory C:/Users/andy1/fpgaProjects/UART_to_PC/software/UART_to_PC_with_MicroBlaze/hw
TRACE::2023-05-03.20:22:18::SCWPlatform:: Platform Path C:/Users/andy1/fpgaProjects/UART_to_PC/software/UART_to_PC_with_MicroBlaze/hw/microblaze_n_uartlite.xsa
TRACE::2023-05-03.20:22:18::SCWPlatform:: Unique name xilinx:arty-s7-50::0.0
TRACE::2023-05-03.20:22:18::SCWPlatform::Trying to set the existing hwdb with name design_1_wrapper_0
TRACE::2023-05-03.20:22:18::SCWPlatform::Opened existing hwdb design_1_wrapper_0
TRACE::2023-05-03.20:22:18::SCWPlatform::Found the Hw Db part of the input DSA
TRACE::2023-05-03.20:22:18::SCWMssOS::Checking the sw design at  C:/Users/andy1/fpgaProjects/UART_to_PC/software/UART_to_PC_with_MicroBlaze/microblaze_0/standalone_domain/bsp/system.mss
TRACE::2023-05-03.20:22:18::SCWMssOS::DEBUG:  swdes dump  C:/Users/andy1/fpgaProjects/UART_to_PC/software/UART_to_PC_with_MicroBlaze/microblaze_0/standalone_domain/bsp/system.mss|system||

TRACE::2023-05-03.20:22:18::SCWMssOS::Sw design exists and opened at  C:/Users/andy1/fpgaProjects/UART_to_PC/software/UART_to_PC_with_MicroBlaze/microblaze_0/standalone_domain/bsp/system.mss
TRACE::2023-05-03.20:22:18::SCWPlatform::Trying to open the hw design at C:/Users/andy1/fpgaProjects/UART_to_PC/software/UART_to_PC_with_MicroBlaze/hw/microblaze_n_uartlite.xsa
TRACE::2023-05-03.20:22:18::SCWPlatform::DSA given C:/Users/andy1/fpgaProjects/UART_to_PC/software/UART_to_PC_with_MicroBlaze/hw/microblaze_n_uartlite.xsa
TRACE::2023-05-03.20:22:18::SCWPlatform::DSA absoulate path C:/Users/andy1/fpgaProjects/UART_to_PC/software/UART_to_PC_with_MicroBlaze/hw/microblaze_n_uartlite.xsa
TRACE::2023-05-03.20:22:18::SCWPlatform::DSA directory C:/Users/andy1/fpgaProjects/UART_to_PC/software/UART_to_PC_with_MicroBlaze/hw
TRACE::2023-05-03.20:22:18::SCWPlatform:: Platform Path C:/Users/andy1/fpgaProjects/UART_to_PC/software/UART_to_PC_with_MicroBlaze/hw/microblaze_n_uartlite.xsa
TRACE::2023-05-03.20:22:18::SCWPlatform:: Unique name xilinx:arty-s7-50::0.0
TRACE::2023-05-03.20:22:18::SCWPlatform::Trying to set the existing hwdb with name design_1_wrapper_0
TRACE::2023-05-03.20:22:18::SCWPlatform::Opened existing hwdb design_1_wrapper_0
TRACE::2023-05-03.20:22:18::SCWPlatform::Found the Hw Db part of the input DSA
TRACE::2023-05-03.20:22:18::SCWMssOS::Checking the sw design at  C:/Users/andy1/fpgaProjects/UART_to_PC/software/UART_to_PC_with_MicroBlaze/microblaze_0/standalone_domain/bsp/system.mss
TRACE::2023-05-03.20:22:18::SCWMssOS::DEBUG:  swdes dump  C:/Users/andy1/fpgaProjects/UART_to_PC/software/UART_to_PC_with_MicroBlaze/microblaze_0/standalone_domain/bsp/system.mss|system||

TRACE::2023-05-03.20:22:18::SCWMssOS::Sw design exists and opened at  C:/Users/andy1/fpgaProjects/UART_to_PC/software/UART_to_PC_with_MicroBlaze/microblaze_0/standalone_domain/bsp/system.mss
TRACE::2023-05-03.20:22:18::SCWWriter::formatted JSON is {
	"platformName":	"UART_to_PC_with_MicroBlaze",
	"sprVersion":	"2.0",
	"mode":	"gui",
	"dsaType":	"Fixed",
	"platformDesc":	"UART_to_PC_with_MicroBlaze",
	"platHandOff":	"C:/Users/andy1/fpgaProjects/UART_to_PC/microblaze_n_uartlite.xsa",
	"platIntHandOff":	"<platformDir>/hw/microblaze_n_uartlite.xsa",
	"deviceType":	"FPGA",
	"platIsPrebuiltAutogen":	"false",
	"platIsNoBootBsp":	"false",
	"hasFsblMakeHasChanges":	"false",
	"hasPmufwMakeHasChanges":	"false",
	"platPreBuiltFlag":	false,
	"platformSamplesDir":	"",
	"platActiveSys":	"UART_to_PC_with_MicroBlaze",
	"systems":	[{
			"systemName":	"UART_to_PC_with_MicroBlaze",
			"systemDesc":	"UART_to_PC_with_MicroBlaze",
			"sysIsBootAutoGen":	"true",
			"systemDispName":	"UART_to_PC_with_MicroBlaze",
			"sysActiveDom":	"standalone_domain",
			"sysDefaultDom":	"standalone_domain",
			"domains":	[{
					"domainName":	"standalone_domain",
					"domainDispName":	"standalone on microblaze_0",
					"domainDesc":	"standalone_domain",
					"processors":	"microblaze_0",
					"os":	"standalone",
					"sdxOs":	"standalone",
					"debugEnable":	"False",
					"domRuntimes":	["cpp"],
					"swRepo":	"",
					"mssOsVer":	"8.0",
					"mssFile":	"",
					"md5Digest":	"b07374f88f8351eb9e2fdf540c6ab14f",
					"compatibleApp":	"",
					"domType":	"mssDomain",
					"arch":	"32-bit",
					"appSettings":	{
						"appCompilerFlags":	"",
						"appLinkerFlags":	""
					},
					"addedLibs":	[],
					"libOptions":	{
						"libsContainingOptions":	[]
					},
					"prebuiltLibs":	{
						"prebuiltIncPath":	[],
						"prebuiltLibPath":	[]
					},
					"isolation":	{
					}
				}]
		}]
}
TRACE::2023-05-03.20:22:18::SCWMssOS::Saving the mss changes C:/Users/andy1/fpgaProjects/UART_to_PC/software/UART_to_PC_with_MicroBlaze/microblaze_0/standalone_domain/bsp/system.mss
TRACE::2023-05-03.20:22:18::SCWMssOS::Found a swdesign opened with the mssfile.
TRACE::2023-05-03.20:22:18::SCWMssOS::Completed writemss as part of save.
TRACE::2023-05-03.20:22:18::SCWMssOS::Commit changes completed.
TRACE::2023-05-03.20:22:18::SCWPlatform::Trying to open the hw design at C:/Users/andy1/fpgaProjects/UART_to_PC/software/UART_to_PC_with_MicroBlaze/hw/microblaze_n_uartlite.xsa
TRACE::2023-05-03.20:22:18::SCWPlatform::DSA given C:/Users/andy1/fpgaProjects/UART_to_PC/software/UART_to_PC_with_MicroBlaze/hw/microblaze_n_uartlite.xsa
TRACE::2023-05-03.20:22:18::SCWPlatform::DSA absoulate path C:/Users/andy1/fpgaProjects/UART_to_PC/software/UART_to_PC_with_MicroBlaze/hw/microblaze_n_uartlite.xsa
TRACE::2023-05-03.20:22:18::SCWPlatform::DSA directory C:/Users/andy1/fpgaProjects/UART_to_PC/software/UART_to_PC_with_MicroBlaze/hw
TRACE::2023-05-03.20:22:18::SCWPlatform:: Platform Path C:/Users/andy1/fpgaProjects/UART_to_PC/software/UART_to_PC_with_MicroBlaze/hw/microblaze_n_uartlite.xsa
TRACE::2023-05-03.20:22:18::SCWPlatform:: Unique name xilinx:arty-s7-50::0.0
TRACE::2023-05-03.20:22:18::SCWPlatform::Trying to set the existing hwdb with name design_1_wrapper_0
TRACE::2023-05-03.20:22:19::SCWPlatform::Opened existing hwdb design_1_wrapper_0
TRACE::2023-05-03.20:22:19::SCWPlatform::Found the Hw Db part of the input DSA
TRACE::2023-05-03.20:22:19::SCWMssOS::Checking the sw design at  C:/Users/andy1/fpgaProjects/UART_to_PC/software/UART_to_PC_with_MicroBlaze/microblaze_0/standalone_domain/bsp/system.mss
TRACE::2023-05-03.20:22:19::SCWMssOS::DEBUG:  swdes dump  C:/Users/andy1/fpgaProjects/UART_to_PC/software/UART_to_PC_with_MicroBlaze/microblaze_0/standalone_domain/bsp/system.mss|system||

TRACE::2023-05-03.20:22:19::SCWMssOS::Sw design exists and opened at  C:/Users/andy1/fpgaProjects/UART_to_PC/software/UART_to_PC_with_MicroBlaze/microblaze_0/standalone_domain/bsp/system.mss
TRACE::2023-05-03.20:22:19::SCWPlatform::Trying to open the hw design at C:/Users/andy1/fpgaProjects/UART_to_PC/software/UART_to_PC_with_MicroBlaze/hw/microblaze_n_uartlite.xsa
TRACE::2023-05-03.20:22:19::SCWPlatform::DSA given C:/Users/andy1/fpgaProjects/UART_to_PC/software/UART_to_PC_with_MicroBlaze/hw/microblaze_n_uartlite.xsa
TRACE::2023-05-03.20:22:19::SCWPlatform::DSA absoulate path C:/Users/andy1/fpgaProjects/UART_to_PC/software/UART_to_PC_with_MicroBlaze/hw/microblaze_n_uartlite.xsa
TRACE::2023-05-03.20:22:19::SCWPlatform::DSA directory C:/Users/andy1/fpgaProjects/UART_to_PC/software/UART_to_PC_with_MicroBlaze/hw
TRACE::2023-05-03.20:22:19::SCWPlatform:: Platform Path C:/Users/andy1/fpgaProjects/UART_to_PC/software/UART_to_PC_with_MicroBlaze/hw/microblaze_n_uartlite.xsa
TRACE::2023-05-03.20:22:19::SCWPlatform:: Unique name xilinx:arty-s7-50::0.0
TRACE::2023-05-03.20:22:19::SCWPlatform::Trying to set the existing hwdb with name design_1_wrapper_0
TRACE::2023-05-03.20:22:19::SCWPlatform::Opened existing hwdb design_1_wrapper_0
TRACE::2023-05-03.20:22:19::SCWPlatform::Found the Hw Db part of the input DSA
TRACE::2023-05-03.20:22:19::SCWMssOS::Checking the sw design at  C:/Users/andy1/fpgaProjects/UART_to_PC/software/UART_to_PC_with_MicroBlaze/microblaze_0/standalone_domain/bsp/system.mss
TRACE::2023-05-03.20:22:19::SCWMssOS::DEBUG:  swdes dump  C:/Users/andy1/fpgaProjects/UART_to_PC/software/UART_to_PC_with_MicroBlaze/microblaze_0/standalone_domain/bsp/system.mss|system||

TRACE::2023-05-03.20:22:19::SCWMssOS::Sw design exists and opened at  C:/Users/andy1/fpgaProjects/UART_to_PC/software/UART_to_PC_with_MicroBlaze/microblaze_0/standalone_domain/bsp/system.mss
TRACE::2023-05-03.20:22:19::SCWPlatform::Trying to open the hw design at C:/Users/andy1/fpgaProjects/UART_to_PC/software/UART_to_PC_with_MicroBlaze/hw/microblaze_n_uartlite.xsa
TRACE::2023-05-03.20:22:19::SCWPlatform::DSA given C:/Users/andy1/fpgaProjects/UART_to_PC/software/UART_to_PC_with_MicroBlaze/hw/microblaze_n_uartlite.xsa
TRACE::2023-05-03.20:22:19::SCWPlatform::DSA absoulate path C:/Users/andy1/fpgaProjects/UART_to_PC/software/UART_to_PC_with_MicroBlaze/hw/microblaze_n_uartlite.xsa
TRACE::2023-05-03.20:22:19::SCWPlatform::DSA directory C:/Users/andy1/fpgaProjects/UART_to_PC/software/UART_to_PC_with_MicroBlaze/hw
TRACE::2023-05-03.20:22:19::SCWPlatform:: Platform Path C:/Users/andy1/fpgaProjects/UART_to_PC/software/UART_to_PC_with_MicroBlaze/hw/microblaze_n_uartlite.xsa
TRACE::2023-05-03.20:22:19::SCWPlatform:: Unique name xilinx:arty-s7-50::0.0
TRACE::2023-05-03.20:22:19::SCWPlatform::Trying to set the existing hwdb with name design_1_wrapper_0
TRACE::2023-05-03.20:22:19::SCWPlatform::Opened existing hwdb design_1_wrapper_0
TRACE::2023-05-03.20:22:19::SCWPlatform::Found the Hw Db part of the input DSA
TRACE::2023-05-03.20:22:19::SCWMssOS::Checking the sw design at  C:/Users/andy1/fpgaProjects/UART_to_PC/software/UART_to_PC_with_MicroBlaze/microblaze_0/standalone_domain/bsp/system.mss
TRACE::2023-05-03.20:22:19::SCWMssOS::DEBUG:  swdes dump  C:/Users/andy1/fpgaProjects/UART_to_PC/software/UART_to_PC_with_MicroBlaze/microblaze_0/standalone_domain/bsp/system.mss|system||

TRACE::2023-05-03.20:22:19::SCWMssOS::Sw design exists and opened at  C:/Users/andy1/fpgaProjects/UART_to_PC/software/UART_to_PC_with_MicroBlaze/microblaze_0/standalone_domain/bsp/system.mss
TRACE::2023-05-03.20:22:19::SCWWriter::formatted JSON is {
	"platformName":	"UART_to_PC_with_MicroBlaze",
	"sprVersion":	"2.0",
	"mode":	"gui",
	"dsaType":	"Fixed",
	"platformDesc":	"UART_to_PC_with_MicroBlaze",
	"platHandOff":	"C:/Users/andy1/fpgaProjects/UART_to_PC/microblaze_n_uartlite.xsa",
	"platIntHandOff":	"<platformDir>/hw/microblaze_n_uartlite.xsa",
	"deviceType":	"FPGA",
	"platIsPrebuiltAutogen":	"false",
	"platIsNoBootBsp":	"false",
	"hasFsblMakeHasChanges":	"false",
	"hasPmufwMakeHasChanges":	"false",
	"platPreBuiltFlag":	false,
	"platformSamplesDir":	"",
	"platActiveSys":	"UART_to_PC_with_MicroBlaze",
	"systems":	[{
			"systemName":	"UART_to_PC_with_MicroBlaze",
			"systemDesc":	"UART_to_PC_with_MicroBlaze",
			"sysIsBootAutoGen":	"true",
			"systemDispName":	"UART_to_PC_with_MicroBlaze",
			"sysActiveDom":	"standalone_domain",
			"sysDefaultDom":	"standalone_domain",
			"domains":	[{
					"domainName":	"standalone_domain",
					"domainDispName":	"standalone on microblaze_0",
					"domainDesc":	"standalone_domain",
					"processors":	"microblaze_0",
					"os":	"standalone",
					"sdxOs":	"standalone",
					"debugEnable":	"False",
					"domRuntimes":	["cpp"],
					"swRepo":	"",
					"mssOsVer":	"8.0",
					"mssFile":	"",
					"md5Digest":	"b07374f88f8351eb9e2fdf540c6ab14f",
					"compatibleApp":	"",
					"domType":	"mssDomain",
					"arch":	"32-bit",
					"appSettings":	{
						"appCompilerFlags":	"",
						"appLinkerFlags":	""
					},
					"addedLibs":	[],
					"libOptions":	{
						"libsContainingOptions":	[]
					},
					"prebuiltLibs":	{
						"prebuiltIncPath":	[],
						"prebuiltLibPath":	[]
					},
					"isolation":	{
					}
				}]
		}]
}
TRACE::2023-05-03.20:22:19::SCWPlatform::Clearing the existing platform
TRACE::2023-05-03.20:22:19::SCWSystem::Clearing the existing sysconfig
TRACE::2023-05-03.20:22:19::SCWMssOS::Removing the swdes entry for  C:/Users/andy1/fpgaProjects/UART_to_PC/software/UART_to_PC_with_MicroBlaze/microblaze_0/standalone_domain/bsp/system.mss
TRACE::2023-05-03.20:22:19::SCWSystem::Clearing the domains completed.
TRACE::2023-05-03.20:22:19::SCWPlatform::Clearing the opened hw db.
TRACE::2023-05-03.20:22:19::SCWPlatform::DSA given C:/Users/andy1/fpgaProjects/UART_to_PC/software/UART_to_PC_with_MicroBlaze/hw/microblaze_n_uartlite.xsa
TRACE::2023-05-03.20:22:19::SCWPlatform::DSA absoulate path C:/Users/andy1/fpgaProjects/UART_to_PC/software/UART_to_PC_with_MicroBlaze/hw/microblaze_n_uartlite.xsa
TRACE::2023-05-03.20:22:19::SCWPlatform:: Platform location is C:/Users/andy1/fpgaProjects/UART_to_PC/software/UART_to_PC_with_MicroBlaze/hw
TRACE::2023-05-03.20:22:19::SCWPlatform:: Platform Path C:/Users/andy1/fpgaProjects/UART_to_PC/software/UART_to_PC_with_MicroBlaze/hw/microblaze_n_uartlite.xsa
TRACE::2023-05-03.20:22:19::SCWPlatform:: Unique name xilinx:arty-s7-50::0.0
TRACE::2023-05-03.20:22:19::SCWPlatform::Removing the HwDB with name C:/Users/andy1/fpgaProjects/UART_to_PC/software/UART_to_PC_with_MicroBlaze/hw/microblaze_n_uartlite.xsa
TRACE::2023-05-03.20:22:19::SCWPlatform::Trying to open the hw design at C:/Users/andy1/fpgaProjects/UART_to_PC/software/UART_to_PC_with_MicroBlaze/hw/microblaze_n_uartlite.xsa
TRACE::2023-05-03.20:22:19::SCWPlatform::DSA given C:/Users/andy1/fpgaProjects/UART_to_PC/software/UART_to_PC_with_MicroBlaze/hw/microblaze_n_uartlite.xsa
TRACE::2023-05-03.20:22:19::SCWPlatform::DSA absoulate path C:/Users/andy1/fpgaProjects/UART_to_PC/software/UART_to_PC_with_MicroBlaze/hw/microblaze_n_uartlite.xsa
TRACE::2023-05-03.20:22:19::SCWPlatform::DSA directory C:/Users/andy1/fpgaProjects/UART_to_PC/software/UART_to_PC_with_MicroBlaze/hw
TRACE::2023-05-03.20:22:19::SCWPlatform:: Platform Path C:/Users/andy1/fpgaProjects/UART_to_PC/software/UART_to_PC_with_MicroBlaze/hw/microblaze_n_uartlite.xsa
TRACE::2023-05-03.20:22:19::SCWPlatform:: Unique name xilinx:arty-s7-50::0.0
TRACE::2023-05-03.20:22:19::SCWPlatform::Do not have an existing db opened. 
TRACE::2023-05-03.20:22:20::SCWPlatform::Opened new HwDB with name design_1_wrapper_1
TRACE::2023-05-03.20:22:20::SCWReader::Active system found as  UART_to_PC_with_MicroBlaze
TRACE::2023-05-03.20:22:20::SCWReader::Handling sysconfig UART_to_PC_with_MicroBlaze
TRACE::2023-05-03.20:22:20::SCWDomain::checking for install qemu data   : 
TRACE::2023-05-03.20:22:20::SCWPlatform::Trying to open the hw design at C:/Users/andy1/fpgaProjects/UART_to_PC/software/UART_to_PC_with_MicroBlaze/hw/microblaze_n_uartlite.xsa
TRACE::2023-05-03.20:22:20::SCWPlatform::DSA given C:/Users/andy1/fpgaProjects/UART_to_PC/software/UART_to_PC_with_MicroBlaze/hw/microblaze_n_uartlite.xsa
TRACE::2023-05-03.20:22:20::SCWPlatform::DSA absoulate path C:/Users/andy1/fpgaProjects/UART_to_PC/software/UART_to_PC_with_MicroBlaze/hw/microblaze_n_uartlite.xsa
TRACE::2023-05-03.20:22:20::SCWPlatform::DSA directory C:/Users/andy1/fpgaProjects/UART_to_PC/software/UART_to_PC_with_MicroBlaze/hw
TRACE::2023-05-03.20:22:20::SCWPlatform:: Platform Path C:/Users/andy1/fpgaProjects/UART_to_PC/software/UART_to_PC_with_MicroBlaze/hw/microblaze_n_uartlite.xsa
TRACE::2023-05-03.20:22:20::SCWPlatform:: Unique name xilinx:arty-s7-50::0.0
TRACE::2023-05-03.20:22:20::SCWPlatform::Trying to set the existing hwdb with name design_1_wrapper_1
TRACE::2023-05-03.20:22:20::SCWPlatform::Opened existing hwdb design_1_wrapper_1
TRACE::2023-05-03.20:22:20::SCWPlatform::Found the Hw Db part of the input DSA
TRACE::2023-05-03.20:22:20::SCWPlatform::Trying to open the hw design at C:/Users/andy1/fpgaProjects/UART_to_PC/software/UART_to_PC_with_MicroBlaze/hw/microblaze_n_uartlite.xsa
TRACE::2023-05-03.20:22:20::SCWPlatform::DSA given C:/Users/andy1/fpgaProjects/UART_to_PC/software/UART_to_PC_with_MicroBlaze/hw/microblaze_n_uartlite.xsa
TRACE::2023-05-03.20:22:20::SCWPlatform::DSA absoulate path C:/Users/andy1/fpgaProjects/UART_to_PC/software/UART_to_PC_with_MicroBlaze/hw/microblaze_n_uartlite.xsa
TRACE::2023-05-03.20:22:20::SCWPlatform::DSA directory C:/Users/andy1/fpgaProjects/UART_to_PC/software/UART_to_PC_with_MicroBlaze/hw
TRACE::2023-05-03.20:22:20::SCWPlatform:: Platform Path C:/Users/andy1/fpgaProjects/UART_to_PC/software/UART_to_PC_with_MicroBlaze/hw/microblaze_n_uartlite.xsa
TRACE::2023-05-03.20:22:20::SCWPlatform:: Unique name xilinx:arty-s7-50::0.0
TRACE::2023-05-03.20:22:20::SCWPlatform::Trying to set the existing hwdb with name design_1_wrapper_1
TRACE::2023-05-03.20:22:20::SCWPlatform::Opened existing hwdb design_1_wrapper_1
TRACE::2023-05-03.20:22:20::SCWPlatform::Found the Hw Db part of the input DSA
TRACE::2023-05-03.20:22:20::SCWPlatform::Trying to open the hw design at C:/Users/andy1/fpgaProjects/UART_to_PC/software/UART_to_PC_with_MicroBlaze/hw/microblaze_n_uartlite.xsa
TRACE::2023-05-03.20:22:20::SCWPlatform::DSA given C:/Users/andy1/fpgaProjects/UART_to_PC/software/UART_to_PC_with_MicroBlaze/hw/microblaze_n_uartlite.xsa
TRACE::2023-05-03.20:22:20::SCWPlatform::DSA absoulate path C:/Users/andy1/fpgaProjects/UART_to_PC/software/UART_to_PC_with_MicroBlaze/hw/microblaze_n_uartlite.xsa
TRACE::2023-05-03.20:22:20::SCWPlatform::DSA directory C:/Users/andy1/fpgaProjects/UART_to_PC/software/UART_to_PC_with_MicroBlaze/hw
TRACE::2023-05-03.20:22:20::SCWPlatform:: Platform Path C:/Users/andy1/fpgaProjects/UART_to_PC/software/UART_to_PC_with_MicroBlaze/hw/microblaze_n_uartlite.xsa
TRACE::2023-05-03.20:22:20::SCWPlatform:: Unique name xilinx:arty-s7-50::0.0
TRACE::2023-05-03.20:22:20::SCWPlatform::Trying to set the existing hwdb with name design_1_wrapper_1
TRACE::2023-05-03.20:22:20::SCWPlatform::Opened existing hwdb design_1_wrapper_1
TRACE::2023-05-03.20:22:20::SCWPlatform::Found the Hw Db part of the input DSA
TRACE::2023-05-03.20:22:20::SCWPlatform::Trying to open the hw design at C:/Users/andy1/fpgaProjects/UART_to_PC/software/UART_to_PC_with_MicroBlaze/hw/microblaze_n_uartlite.xsa
TRACE::2023-05-03.20:22:20::SCWPlatform::DSA given C:/Users/andy1/fpgaProjects/UART_to_PC/software/UART_to_PC_with_MicroBlaze/hw/microblaze_n_uartlite.xsa
TRACE::2023-05-03.20:22:20::SCWPlatform::DSA absoulate path C:/Users/andy1/fpgaProjects/UART_to_PC/software/UART_to_PC_with_MicroBlaze/hw/microblaze_n_uartlite.xsa
TRACE::2023-05-03.20:22:20::SCWPlatform::DSA directory C:/Users/andy1/fpgaProjects/UART_to_PC/software/UART_to_PC_with_MicroBlaze/hw
TRACE::2023-05-03.20:22:20::SCWPlatform:: Platform Path C:/Users/andy1/fpgaProjects/UART_to_PC/software/UART_to_PC_with_MicroBlaze/hw/microblaze_n_uartlite.xsa
TRACE::2023-05-03.20:22:20::SCWPlatform:: Unique name xilinx:arty-s7-50::0.0
TRACE::2023-05-03.20:22:20::SCWPlatform::Trying to set the existing hwdb with name design_1_wrapper_1
TRACE::2023-05-03.20:22:20::SCWPlatform::Opened existing hwdb design_1_wrapper_1
TRACE::2023-05-03.20:22:20::SCWPlatform::Found the Hw Db part of the input DSA
TRACE::2023-05-03.20:22:20::SCWMssOS::Checking the sw design at  C:/Users/andy1/fpgaProjects/UART_to_PC/software/UART_to_PC_with_MicroBlaze/microblaze_0/standalone_domain/bsp/system.mss
TRACE::2023-05-03.20:22:20::SCWMssOS::DEBUG:  swdes dump  
TRACE::2023-05-03.20:22:20::SCWMssOS::No sw design opened at  C:/Users/andy1/fpgaProjects/UART_to_PC/software/UART_to_PC_with_MicroBlaze/microblaze_0/standalone_domain/bsp/system.mss
TRACE::2023-05-03.20:22:20::SCWMssOS::mss exists loading the mss file  C:/Users/andy1/fpgaProjects/UART_to_PC/software/UART_to_PC_with_MicroBlaze/microblaze_0/standalone_domain/bsp/system.mss
TRACE::2023-05-03.20:22:20::SCWMssOS::Opened the sw design from mss  C:/Users/andy1/fpgaProjects/UART_to_PC/software/UART_to_PC_with_MicroBlaze/microblaze_0/standalone_domain/bsp/system.mss
TRACE::2023-05-03.20:22:20::SCWMssOS::Adding the swdes entry C:/Users/andy1/fpgaProjects/UART_to_PC/software/UART_to_PC_with_MicroBlaze/microblaze_0/standalone_domain/bsp/system.mss with des name system
TRACE::2023-05-03.20:22:20::SCWMssOS::updating the scw layer about changes
TRACE::2023-05-03.20:22:20::SCWMssOS::Opened the sw design.  C:/Users/andy1/fpgaProjects/UART_to_PC/software/UART_to_PC_with_MicroBlaze/microblaze_0/standalone_domain/bsp/system.mss
TRACE::2023-05-03.20:22:20::SCWMssOS::Saving the mss changes C:/Users/andy1/fpgaProjects/UART_to_PC/software/UART_to_PC_with_MicroBlaze/microblaze_0/standalone_domain/bsp/system.mss
TRACE::2023-05-03.20:22:20::SCWMssOS::Found a swdesign opened with the mssfile.
TRACE::2023-05-03.20:22:20::SCWMssOS::Completed writemss as part of save.
TRACE::2023-05-03.20:22:20::SCWMssOS::Commit changes completed.
TRACE::2023-05-03.20:22:20::SCWReader::Adding prebuilt librarypaths as   
TRACE::2023-05-03.20:22:20::SCWReader::Adding prebuilt incpaths  as   
TRACE::2023-05-03.20:22:20::SCWPlatform::Trying to open the hw design at C:/Users/andy1/fpgaProjects/UART_to_PC/software/UART_to_PC_with_MicroBlaze/hw/microblaze_n_uartlite.xsa
TRACE::2023-05-03.20:22:20::SCWPlatform::DSA given C:/Users/andy1/fpgaProjects/UART_to_PC/software/UART_to_PC_with_MicroBlaze/hw/microblaze_n_uartlite.xsa
TRACE::2023-05-03.20:22:20::SCWPlatform::DSA absoulate path C:/Users/andy1/fpgaProjects/UART_to_PC/software/UART_to_PC_with_MicroBlaze/hw/microblaze_n_uartlite.xsa
TRACE::2023-05-03.20:22:20::SCWPlatform::DSA directory C:/Users/andy1/fpgaProjects/UART_to_PC/software/UART_to_PC_with_MicroBlaze/hw
TRACE::2023-05-03.20:22:20::SCWPlatform:: Platform Path C:/Users/andy1/fpgaProjects/UART_to_PC/software/UART_to_PC_with_MicroBlaze/hw/microblaze_n_uartlite.xsa
TRACE::2023-05-03.20:22:20::SCWPlatform:: Unique name xilinx:arty-s7-50::0.0
TRACE::2023-05-03.20:22:20::SCWPlatform::Trying to set the existing hwdb with name design_1_wrapper_1
TRACE::2023-05-03.20:22:20::SCWPlatform::Opened existing hwdb design_1_wrapper_1
TRACE::2023-05-03.20:22:20::SCWPlatform::Found the Hw Db part of the input DSA
TRACE::2023-05-03.20:22:20::SCWMssOS::Checking the sw design at  C:/Users/andy1/fpgaProjects/UART_to_PC/software/UART_to_PC_with_MicroBlaze/microblaze_0/standalone_domain/bsp/system.mss
TRACE::2023-05-03.20:22:20::SCWMssOS::DEBUG:  swdes dump  C:/Users/andy1/fpgaProjects/UART_to_PC/software/UART_to_PC_with_MicroBlaze/microblaze_0/standalone_domain/bsp/system.mss|system||

TRACE::2023-05-03.20:22:20::SCWMssOS::Sw design exists and opened at  C:/Users/andy1/fpgaProjects/UART_to_PC/software/UART_to_PC_with_MicroBlaze/microblaze_0/standalone_domain/bsp/system.mss
TRACE::2023-05-03.20:22:20::SCWReader::No isolation master present  
LOG::2023-05-03.20:23:24::SCWPlatform::Started generating the artifacts platform UART_to_PC_with_MicroBlaze
TRACE::2023-05-03.20:23:24::SCWPlatform::Sanity checking of platform is completed
LOG::2023-05-03.20:23:24::SCWPlatform::Started generating the artifacts for system configuration UART_to_PC_with_MicroBlaze
LOG::2023-05-03.20:23:24::SCWSystem::Checking the domain standalone_domain
LOG::2023-05-03.20:23:24::SCWSystem::Not a boot domain 
LOG::2023-05-03.20:23:24::SCWSystem::Started Processing the domain standalone_domain
TRACE::2023-05-03.20:23:24::SCWDomain::Generating domain artifcats
TRACE::2023-05-03.20:23:24::SCWMssOS::Generating standalone artifcats
TRACE::2023-05-03.20:23:24::SCWMssOS:: Copying the user libraries. 
TRACE::2023-05-03.20:23:24::SCWPlatform::Trying to open the hw design at C:/Users/andy1/fpgaProjects/UART_to_PC/software/UART_to_PC_with_MicroBlaze/hw/microblaze_n_uartlite.xsa
TRACE::2023-05-03.20:23:24::SCWPlatform::DSA given C:/Users/andy1/fpgaProjects/UART_to_PC/software/UART_to_PC_with_MicroBlaze/hw/microblaze_n_uartlite.xsa
TRACE::2023-05-03.20:23:24::SCWPlatform::DSA absoulate path C:/Users/andy1/fpgaProjects/UART_to_PC/software/UART_to_PC_with_MicroBlaze/hw/microblaze_n_uartlite.xsa
TRACE::2023-05-03.20:23:24::SCWPlatform::DSA directory C:/Users/andy1/fpgaProjects/UART_to_PC/software/UART_to_PC_with_MicroBlaze/hw
TRACE::2023-05-03.20:23:24::SCWPlatform:: Platform Path C:/Users/andy1/fpgaProjects/UART_to_PC/software/UART_to_PC_with_MicroBlaze/hw/microblaze_n_uartlite.xsa
TRACE::2023-05-03.20:23:24::SCWPlatform:: Unique name xilinx:arty-s7-50::0.0
TRACE::2023-05-03.20:23:24::SCWPlatform::Trying to set the existing hwdb with name design_1_wrapper_1
TRACE::2023-05-03.20:23:24::SCWPlatform::Opened existing hwdb design_1_wrapper_1
TRACE::2023-05-03.20:23:24::SCWPlatform::Found the Hw Db part of the input DSA
TRACE::2023-05-03.20:23:24::SCWMssOS::Checking the sw design at  C:/Users/andy1/fpgaProjects/UART_to_PC/software/UART_to_PC_with_MicroBlaze/microblaze_0/standalone_domain/bsp/system.mss
TRACE::2023-05-03.20:23:24::SCWMssOS::DEBUG:  swdes dump  C:/Users/andy1/fpgaProjects/UART_to_PC/software/UART_to_PC_with_MicroBlaze/microblaze_0/standalone_domain/bsp/system.mss|system||

TRACE::2023-05-03.20:23:24::SCWMssOS::Sw design exists and opened at  C:/Users/andy1/fpgaProjects/UART_to_PC/software/UART_to_PC_with_MicroBlaze/microblaze_0/standalone_domain/bsp/system.mss
TRACE::2023-05-03.20:23:24::SCWMssOS::Completed writing the mss file at C:/Users/andy1/fpgaProjects/UART_to_PC/software/UART_to_PC_with_MicroBlaze/microblaze_0/standalone_domain/bsp
TRACE::2023-05-03.20:23:24::SCWMssOS::Mss edits present, copying mssfile into export location C:/Users/andy1/fpgaProjects/UART_to_PC/software/UART_to_PC_with_MicroBlaze/microblaze_0/standalone_domain/bsp/system.mss
TRACE::2023-05-03.20:23:24::SCWMssOS::bsp generated is upto date with the mss file. Skipping bsp generation.
TRACE::2023-05-03.20:23:24::SCWMssOS::BSP is already built. skipping the bsp build ... 
TRACE::2023-05-03.20:23:24::SCWDomain::Building the domain as part of full build :  standalone_domain
TRACE::2023-05-03.20:23:24::SCWMssOS::doing bsp build ... 
TRACE::2023-05-03.20:23:24::SCWMssOS::System Command Ran  C: & cd  C:/Users/andy1/fpgaProjects/UART_to_PC/software/UART_to_PC_with_MicroBlaze/microblaze_0/standalone_domain/bsp & make 
TRACE::2023-05-03.20:23:24::SCWMssOS::make --no-print-directory seq_libs

TRACE::2023-05-03.20:23:24::SCWMssOS::'Finished building libraries sequentially.'

TRACE::2023-05-03.20:23:24::SCWMssOS::make -j 6 --no-print-directory par_libs

TRACE::2023-05-03.20:23:24::SCWMssOS::"Running Make include in microblaze_0/libsrc/bram_v4_8/src"

TRACE::2023-05-03.20:23:24::SCWMssOS::make -C microblaze_0/libsrc/bram_v4_8/src -s include  "SHELL=CMD" "COMPILER=mb-gcc" "ASSEMBLER=mb-as" "ARCHIVER=mb-ar" "COMPILE
TRACE::2023-05-03.20:23:24::SCWMssOS::R_FLAGS=  -O2 -c -mcpu=v11.0 -mlittle-endian -mxl-soft-mul" "EXTRA_COMPILER_FLAGS=-g -ffunction-sections -fdata-sections -Wall 
TRACE::2023-05-03.20:23:24::SCWMssOS::-Wextra -fno-tree-loop-distribute-patterns"

TRACE::2023-05-03.20:23:24::SCWMssOS::"Running Make include in microblaze_0/libsrc/cpu_v2_16/src"

TRACE::2023-05-03.20:23:24::SCWMssOS::make -C microblaze_0/libsrc/cpu_v2_16/src -s include  "SHELL=CMD" "COMPILER=mb-gcc" "ASSEMBLER=mb-as" "ARCHIVER=mb-ar" "COMPILE
TRACE::2023-05-03.20:23:24::SCWMssOS::R_FLAGS=  -O2 -c -mcpu=v11.0 -mlittle-endian -mxl-soft-mul" "EXTRA_COMPILER_FLAGS=-g -ffunction-sections -fdata-sections -Wall 
TRACE::2023-05-03.20:23:24::SCWMssOS::-Wextra -fno-tree-loop-distribute-patterns"

TRACE::2023-05-03.20:23:24::SCWMssOS::"Running Make include in microblaze_0/libsrc/intc_v3_15/src"

TRACE::2023-05-03.20:23:24::SCWMssOS::make -C microblaze_0/libsrc/intc_v3_15/src -s include  "SHELL=CMD" "COMPILER=mb-gcc" "ASSEMBLER=mb-as" "ARCHIVER=mb-ar" "COMPIL
TRACE::2023-05-03.20:23:24::SCWMssOS::ER_FLAGS=  -O2 -c -mcpu=v11.0 -mlittle-endian -mxl-soft-mul" "EXTRA_COMPILER_FLAGS=-g -ffunction-sections -fdata-sections -Wall
TRACE::2023-05-03.20:23:24::SCWMssOS:: -Wextra -fno-tree-loop-distribute-patterns"

TRACE::2023-05-03.20:23:24::SCWMssOS::"Running Make include in microblaze_0/libsrc/standalone_v8_0/src"

TRACE::2023-05-03.20:23:24::SCWMssOS::make -C microblaze_0/libsrc/standalone_v8_0/src -s include  "SHELL=CMD" "COMPILER=mb-gcc" "ASSEMBLER=mb-as" "ARCHIVER=mb-ar" "C
TRACE::2023-05-03.20:23:24::SCWMssOS::OMPILER_FLAGS=  -O2 -c -mcpu=v11.0 -mlittle-endian -mxl-soft-mul" "EXTRA_COMPILER_FLAGS=-g -ffunction-sections -fdata-sections 
TRACE::2023-05-03.20:23:24::SCWMssOS::-Wall -Wextra -fno-tree-loop-distribute-patterns"

TRACE::2023-05-03.20:23:24::SCWMssOS::"Running Make include in microblaze_0/libsrc/uartlite_v3_7/src"

TRACE::2023-05-03.20:23:24::SCWMssOS::make -C microblaze_0/libsrc/uartlite_v3_7/src -s include  "SHELL=CMD" "COMPILER=mb-gcc" "ASSEMBLER=mb-as" "ARCHIVER=mb-ar" "COM
TRACE::2023-05-03.20:23:24::SCWMssOS::PILER_FLAGS=  -O2 -c -mcpu=v11.0 -mlittle-endian -mxl-soft-mul" "EXTRA_COMPILER_FLAGS=-g -ffunction-sections -fdata-sections -W
TRACE::2023-05-03.20:23:24::SCWMssOS::all -Wextra -fno-tree-loop-distribute-patterns"

TRACE::2023-05-03.20:23:25::SCWMssOS::"Running Make libs in microblaze_0/libsrc/bram_v4_8/src"

TRACE::2023-05-03.20:23:25::SCWMssOS::make -C microblaze_0/libsrc/bram_v4_8/src -s libs  "SHELL=CMD" "COMPILER=mb-gcc" "ASSEMBLER=mb-as" "ARCHIVER=mb-ar" "COMPILER_F
TRACE::2023-05-03.20:23:25::SCWMssOS::LAGS=  -O2 -c -mcpu=v11.0 -mlittle-endian -mxl-soft-mul" "EXTRA_COMPILER_FLAGS=-g -ffunction-sections -fdata-sections -Wall -We
TRACE::2023-05-03.20:23:25::SCWMssOS::xtra -fno-tree-loop-distribute-patterns"

TRACE::2023-05-03.20:23:25::SCWMssOS::"Running Make libs in microblaze_0/libsrc/cpu_v2_16/src"

TRACE::2023-05-03.20:23:25::SCWMssOS::make -C microblaze_0/libsrc/cpu_v2_16/src -s libs  "SHELL=CMD" "COMPILER=mb-gcc" "ASSEMBLER=mb-as" "ARCHIVER=mb-ar" "COMPILER_F
TRACE::2023-05-03.20:23:25::SCWMssOS::LAGS=  -O2 -c -mcpu=v11.0 -mlittle-endian -mxl-soft-mul" "EXTRA_COMPILER_FLAGS=-g -ffunction-sections -fdata-sections -Wall -We
TRACE::2023-05-03.20:23:25::SCWMssOS::xtra -fno-tree-loop-distribute-patterns"

TRACE::2023-05-03.20:23:25::SCWMssOS::"Running Make libs in microblaze_0/libsrc/intc_v3_15/src"

TRACE::2023-05-03.20:23:25::SCWMssOS::make -C microblaze_0/libsrc/intc_v3_15/src -s libs  "SHELL=CMD" "COMPILER=mb-gcc" "ASSEMBLER=mb-as" "ARCHIVER=mb-ar" "COMPILER_
TRACE::2023-05-03.20:23:25::SCWMssOS::FLAGS=  -O2 -c -mcpu=v11.0 -mlittle-endian -mxl-soft-mul" "EXTRA_COMPILER_FLAGS=-g -ffunction-sections -fdata-sections -Wall -W
TRACE::2023-05-03.20:23:25::SCWMssOS::extra -fno-tree-loop-distribute-patterns"

TRACE::2023-05-03.20:23:25::SCWMssOS::"Running Make libs in microblaze_0/libsrc/standalone_v8_0/src"

TRACE::2023-05-03.20:23:25::SCWMssOS::make -C microblaze_0/libsrc/standalone_v8_0/src -s libs  "SHELL=CMD" "COMPILER=mb-gcc" "ASSEMBLER=mb-as" "ARCHIVER=mb-ar" "COMP
TRACE::2023-05-03.20:23:25::SCWMssOS::ILER_FLAGS=  -O2 -c -mcpu=v11.0 -mlittle-endian -mxl-soft-mul" "EXTRA_COMPILER_FLAGS=-g -ffunction-sections -fdata-sections -Wa
TRACE::2023-05-03.20:23:25::SCWMssOS::ll -Wextra -fno-tree-loop-distribute-patterns"

TRACE::2023-05-03.20:23:25::SCWMssOS::"Running Make libs in microblaze_0/libsrc/uartlite_v3_7/src"

TRACE::2023-05-03.20:23:25::SCWMssOS::make -C microblaze_0/libsrc/uartlite_v3_7/src -s libs  "SHELL=CMD" "COMPILER=mb-gcc" "ASSEMBLER=mb-as" "ARCHIVER=mb-ar" "COMPIL
TRACE::2023-05-03.20:23:25::SCWMssOS::ER_FLAGS=  -O2 -c -mcpu=v11.0 -mlittle-endian -mxl-soft-mul" "EXTRA_COMPILER_FLAGS=-g -ffunction-sections -fdata-sections -Wall
TRACE::2023-05-03.20:23:25::SCWMssOS:: -Wextra -fno-tree-loop-distribute-patterns"

TRACE::2023-05-03.20:23:28::SCWMssOS::"DEBUG NON_LTO_OBJECTS is ../../../lib/microblaze_interrupt_handler.o"

TRACE::2023-05-03.20:23:28::SCWMssOS::'Finished building libraries parallelly.'

TRACE::2023-05-03.20:23:28::SCWMssOS::make --no-print-directory archive

TRACE::2023-05-03.20:23:28::SCWMssOS::mb-ar -r  microblaze_0/lib/libxil.a microblaze_0/lib/_exit.o microblaze_0/lib/errno.o microblaze_0/lib/fcntl.o microblaze_0/lib
TRACE::2023-05-03.20:23:28::SCWMssOS::/hw_exception_handler.o microblaze_0/lib/inbyte.o microblaze_0/lib/microblaze_disable_dcache.o microblaze_0/lib/microblaze_disa
TRACE::2023-05-03.20:23:28::SCWMssOS::ble_exceptions.o microblaze_0/lib/microblaze_disable_icache.o microblaze_0/lib/microblaze_disable_interrupts.o microblaze_0/lib
TRACE::2023-05-03.20:23:28::SCWMssOS::/microblaze_enable_dcache.o microblaze_0/lib/microblaze_enable_exceptions.o microblaze_0/lib/microblaze_enable_icache.o microbl
TRACE::2023-05-03.20:23:28::SCWMssOS::aze_0/lib/microblaze_enable_interrupts.o microblaze_0/lib/microblaze_exception_handler.o microblaze_0/lib/microblaze_flush_cach
TRACE::2023-05-03.20:23:28::SCWMssOS::e_ext.o microblaze_0/lib/microblaze_flush_cache_ext_range.o microblaze_0/lib/microblaze_flush_dcache.o microblaze_0/lib/microbl
TRACE::2023-05-03.20:23:28::SCWMssOS::aze_flush_dcache_range.o microblaze_0/lib/microblaze_init_dcache_range.o microblaze_0/lib/microblaze_init_icache_range.o microb
TRACE::2023-05-03.20:23:28::SCWMssOS::laze_0/lib/microblaze_interrupt_handler.o microblaze_0/lib/microblaze_interrupts_g.o microblaze_0/lib/microblaze_invalidate_cac
TRACE::2023-05-03.20:23:28::SCWMssOS::he_ext.o microblaze_0/lib/microblaze_invalidate_cache_ext_range.o microblaze_0/lib/microblaze_invalidate_dcache.o microblaze_0/
TRACE::2023-05-03.20:23:28::SCWMssOS::lib/microblaze_invalidate_dcache_range.o microblaze_0/lib/microblaze_invalidate_icache.o microblaze_0/lib/microblaze_invalidate
TRACE::2023-05-03.20:23:28::SCWMssOS::_icache_range.o microblaze_0/lib/microblaze_scrub.o microblaze_0/lib/microblaze_selftest.o microblaze_0/lib/microblaze_sleep.o 
TRACE::2023-05-03.20:23:28::SCWMssOS::microblaze_0/lib/microblaze_update_dcache.o microblaze_0/lib/microblaze_update_icache.o microblaze_0/lib/outbyte.o microblaze_0
TRACE::2023-05-03.20:23:28::SCWMssOS::/lib/print.o microblaze_0/lib/pvr.o microblaze_0/lib/xbram.o microblaze_0/lib/xbram_g.o microblaze_0/lib/xbram_intr.o microblaz
TRACE::2023-05-03.20:23:28::SCWMssOS::e_0/lib/xbram_selftest.o microblaze_0/lib/xbram_sinit.o microblaze_0/lib/xil_assert.o microblaze_0/lib/xil_cache.o microblaze_0
TRACE::2023-05-03.20:23:28::SCWMssOS::/lib/xil_clocking.o microblaze_0/lib/xil_exception.o microblaze_0/lib/xil_mem.o microblaze_0/lib/xil_misc_psreset_api.o microbl
TRACE::2023-05-03.20:23:28::SCWMssOS::aze_0/lib/xil_printf.o microblaze_0/lib/xil_sleepcommon.o microblaze_0/lib/xil_testcache.o microblaze_0/lib/xil_testio.o microb
TRACE::2023-05-03.20:23:28::SCWMssOS::laze_0/lib/xil_testmem.o microblaze_0/lib/xil_util.o microblaze_0/lib/xintc.o microblaze_0/lib/xintc_g.o microblaze_0/lib/xintc
TRACE::2023-05-03.20:23:28::SCWMssOS::_intr.o microblaze_0/lib/xintc_l.o microblaze_0/lib/xintc_options.o microblaze_0/lib/xintc_selftest.o microblaze_0/lib/xinterru
TRACE::2023-05-03.20:23:28::SCWMssOS::pt_wrap.o microblaze_0/lib/xio.o microblaze_0/lib/xplatform_info.o microblaze_0/lib/xuartlite.o microblaze_0/lib/xuartlite_g.o 
TRACE::2023-05-03.20:23:28::SCWMssOS::microblaze_0/lib/xuartlite_intr.o microblaze_0/lib/xuartlite_l.o microblaze_0/lib/xuartlite_selftest.o microblaze_0/lib/xuartli
TRACE::2023-05-03.20:23:28::SCWMssOS::te_sinit.o microblaze_0/lib/xuartlite_stats.o

TRACE::2023-05-03.20:23:28::SCWMssOS::'Finished building libraries'

TRACE::2023-05-03.20:23:29::SCWMssOS::Copying to export directory.
TRACE::2023-05-03.20:23:29::SCWMssOS:: Checking if to create the Supporting Applications
TRACE::2023-05-03.20:23:29::SCWMssOS:: No Linux domain exists, trying to generate FSBL 
LOG::2023-05-03.20:23:29::SCWSystem::Completed Processing the domain standalone_domain
LOG::2023-05-03.20:23:29::SCWSystem::Completed Processing the sysconfig UART_to_PC_with_MicroBlaze
LOG::2023-05-03.20:23:29::SCWPlatform::Completed generating the artifacts for system configuration UART_to_PC_with_MicroBlaze
TRACE::2023-05-03.20:23:29::SCWPlatform::Started preparing the platform 
TRACE::2023-05-03.20:23:29::SCWSystem::Writing the bif file for system config UART_to_PC_with_MicroBlaze
TRACE::2023-05-03.20:23:29::SCWSystem::dir created 
TRACE::2023-05-03.20:23:29::SCWSystem::Writing the bif 
TRACE::2023-05-03.20:23:29::SCWPlatform::Started writing the spfm file 
TRACE::2023-05-03.20:23:29::SCWPlatform::Started writing the xpfm file 
TRACE::2023-05-03.20:23:29::SCWPlatform::Completed generating the platform
TRACE::2023-05-03.20:23:29::SCWMssOS::Saving the mss changes C:/Users/andy1/fpgaProjects/UART_to_PC/software/UART_to_PC_with_MicroBlaze/microblaze_0/standalone_domain/bsp/system.mss
TRACE::2023-05-03.20:23:29::SCWMssOS::Found a swdesign opened with the mssfile.
TRACE::2023-05-03.20:23:29::SCWMssOS::Completed writemss as part of save.
TRACE::2023-05-03.20:23:29::SCWMssOS::Commit changes completed.
TRACE::2023-05-03.20:23:29::SCWPlatform::Trying to open the hw design at C:/Users/andy1/fpgaProjects/UART_to_PC/software/UART_to_PC_with_MicroBlaze/hw/microblaze_n_uartlite.xsa
TRACE::2023-05-03.20:23:29::SCWPlatform::DSA given C:/Users/andy1/fpgaProjects/UART_to_PC/software/UART_to_PC_with_MicroBlaze/hw/microblaze_n_uartlite.xsa
TRACE::2023-05-03.20:23:29::SCWPlatform::DSA absoulate path C:/Users/andy1/fpgaProjects/UART_to_PC/software/UART_to_PC_with_MicroBlaze/hw/microblaze_n_uartlite.xsa
TRACE::2023-05-03.20:23:29::SCWPlatform::DSA directory C:/Users/andy1/fpgaProjects/UART_to_PC/software/UART_to_PC_with_MicroBlaze/hw
TRACE::2023-05-03.20:23:29::SCWPlatform:: Platform Path C:/Users/andy1/fpgaProjects/UART_to_PC/software/UART_to_PC_with_MicroBlaze/hw/microblaze_n_uartlite.xsa
TRACE::2023-05-03.20:23:29::SCWPlatform:: Unique name xilinx:arty-s7-50::0.0
TRACE::2023-05-03.20:23:29::SCWPlatform::Trying to set the existing hwdb with name design_1_wrapper_1
TRACE::2023-05-03.20:23:29::SCWPlatform::Opened existing hwdb design_1_wrapper_1
TRACE::2023-05-03.20:23:29::SCWPlatform::Found the Hw Db part of the input DSA
TRACE::2023-05-03.20:23:29::SCWMssOS::Checking the sw design at  C:/Users/andy1/fpgaProjects/UART_to_PC/software/UART_to_PC_with_MicroBlaze/microblaze_0/standalone_domain/bsp/system.mss
TRACE::2023-05-03.20:23:29::SCWMssOS::DEBUG:  swdes dump  C:/Users/andy1/fpgaProjects/UART_to_PC/software/UART_to_PC_with_MicroBlaze/microblaze_0/standalone_domain/bsp/system.mss|system||

TRACE::2023-05-03.20:23:29::SCWMssOS::Sw design exists and opened at  C:/Users/andy1/fpgaProjects/UART_to_PC/software/UART_to_PC_with_MicroBlaze/microblaze_0/standalone_domain/bsp/system.mss
TRACE::2023-05-03.20:23:29::SCWWriter::formatted JSON is {
	"platformName":	"UART_to_PC_with_MicroBlaze",
	"sprVersion":	"2.0",
	"mode":	"gui",
	"dsaType":	"Fixed",
	"platformDesc":	"UART_to_PC_with_MicroBlaze",
	"platHandOff":	"C:/Users/andy1/fpgaProjects/UART_to_PC/microblaze_n_uartlite.xsa",
	"platIntHandOff":	"<platformDir>/hw/microblaze_n_uartlite.xsa",
	"deviceType":	"FPGA",
	"platIsPrebuiltAutogen":	"false",
	"platIsNoBootBsp":	"false",
	"hasFsblMakeHasChanges":	"false",
	"hasPmufwMakeHasChanges":	"false",
	"platPreBuiltFlag":	false,
	"platformSamplesDir":	"",
	"platActiveSys":	"UART_to_PC_with_MicroBlaze",
	"systems":	[{
			"systemName":	"UART_to_PC_with_MicroBlaze",
			"systemDesc":	"UART_to_PC_with_MicroBlaze",
			"sysIsBootAutoGen":	"true",
			"systemDispName":	"UART_to_PC_with_MicroBlaze",
			"sysActiveDom":	"standalone_domain",
			"sysDefaultDom":	"standalone_domain",
			"domains":	[{
					"domainName":	"standalone_domain",
					"domainDispName":	"standalone on microblaze_0",
					"domainDesc":	"standalone_domain",
					"processors":	"microblaze_0",
					"os":	"standalone",
					"sdxOs":	"standalone",
					"debugEnable":	"False",
					"domRuntimes":	["cpp"],
					"swRepo":	"",
					"mssOsVer":	"8.0",
					"mssFile":	"",
					"md5Digest":	"b07374f88f8351eb9e2fdf540c6ab14f",
					"compatibleApp":	"",
					"domType":	"mssDomain",
					"arch":	"32-bit",
					"appSettings":	{
						"appCompilerFlags":	"",
						"appLinkerFlags":	""
					},
					"addedLibs":	[],
					"libOptions":	{
						"libsContainingOptions":	[]
					},
					"prebuiltLibs":	{
						"prebuiltIncPath":	[],
						"prebuiltLibPath":	[]
					},
					"isolation":	{
					}
				}]
		}]
}
KEYINFO::2023-05-03.20:23:29::SCWPlatform::updated the xpfm file.
TRACE::2023-05-03.20:23:29::SCWPlatform::Trying to open the hw design at C:/Users/andy1/fpgaProjects/UART_to_PC/software/UART_to_PC_with_MicroBlaze/hw/microblaze_n_uartlite.xsa
TRACE::2023-05-03.20:23:29::SCWPlatform::DSA given C:/Users/andy1/fpgaProjects/UART_to_PC/software/UART_to_PC_with_MicroBlaze/hw/microblaze_n_uartlite.xsa
TRACE::2023-05-03.20:23:29::SCWPlatform::DSA absoulate path C:/Users/andy1/fpgaProjects/UART_to_PC/software/UART_to_PC_with_MicroBlaze/hw/microblaze_n_uartlite.xsa
TRACE::2023-05-03.20:23:29::SCWPlatform::DSA directory C:/Users/andy1/fpgaProjects/UART_to_PC/software/UART_to_PC_with_MicroBlaze/hw
TRACE::2023-05-03.20:23:29::SCWPlatform:: Platform Path C:/Users/andy1/fpgaProjects/UART_to_PC/software/UART_to_PC_with_MicroBlaze/hw/microblaze_n_uartlite.xsa
TRACE::2023-05-03.20:23:29::SCWPlatform:: Unique name xilinx:arty-s7-50::0.0
TRACE::2023-05-03.20:23:29::SCWPlatform::Trying to set the existing hwdb with name design_1_wrapper_1
TRACE::2023-05-03.20:23:29::SCWPlatform::Opened existing hwdb design_1_wrapper_1
TRACE::2023-05-03.20:23:29::SCWPlatform::Found the Hw Db part of the input DSA
TRACE::2023-05-03.20:23:29::SCWMssOS::Checking the sw design at  C:/Users/andy1/fpgaProjects/UART_to_PC/software/UART_to_PC_with_MicroBlaze/microblaze_0/standalone_domain/bsp/system.mss
TRACE::2023-05-03.20:23:29::SCWMssOS::DEBUG:  swdes dump  C:/Users/andy1/fpgaProjects/UART_to_PC/software/UART_to_PC_with_MicroBlaze/microblaze_0/standalone_domain/bsp/system.mss|system||

TRACE::2023-05-03.20:23:29::SCWMssOS::Sw design exists and opened at  C:/Users/andy1/fpgaProjects/UART_to_PC/software/UART_to_PC_with_MicroBlaze/microblaze_0/standalone_domain/bsp/system.mss
